2017-10-30 10:36:46.978  INFO 6197 --- [main] com.stackroute.application.Application   : No active profile set, falling back to default profiles: default
2017-10-30 10:36:46.989  INFO 6197 --- [main] ationConfigEmbeddedWebApplicationContext : Refreshing org.springframework.boot.context.embedded.AnnotationConfigEmbeddedWebApplicationContext@561868a0: startup date [Mon Oct 30 10:36:46 IST 2017]; parent: org.springframework.context.annotation.AnnotationConfigApplicationContext@6d763516
2017-10-30 10:36:47.486  WARN 6197 --- [main] o.s.c.a.ConfigurationClassPostProcessor  : Cannot enhance @Configuration bean definition 'refreshScope' since its singleton instance has been created too early. The typical cause is a non-static @Bean method with a BeanDefinitionRegistryPostProcessor return type: Consider declaring such methods as 'static'.
2017-10-30 10:36:47.566  INFO 6197 --- [main] o.s.cloud.context.scope.GenericScope     : BeanFactory id=3ffef6dd-19e3-3ba5-80a9-9ef4d6c626f2
2017-10-30 10:36:47.579  INFO 6197 --- [main] f.a.AutowiredAnnotationBeanPostProcessor : JSR-330 'javax.inject.Inject' annotation found and supported for autowiring
2017-10-30 10:36:47.597  INFO 6197 --- [main] trationDelegate$BeanPostProcessorChecker : Bean 'org.springframework.kafka.annotation.KafkaBootstrapConfiguration' of type [org.springframework.kafka.annotation.KafkaBootstrapConfiguration$$EnhancerBySpringCGLIB$$302044f1] is not eligible for getting processed by all BeanPostProcessors (for example: not eligible for auto-proxying)
2017-10-30 10:36:47.668  INFO 6197 --- [main] trationDelegate$BeanPostProcessorChecker : Bean 'org.springframework.cloud.autoconfigure.ConfigurationPropertiesRebinderAutoConfiguration' of type [org.springframework.cloud.autoconfigure.ConfigurationPropertiesRebinderAutoConfiguration$$EnhancerBySpringCGLIB$$7888366b] is not eligible for getting processed by all BeanPostProcessors (for example: not eligible for auto-proxying)
2017-10-30 10:36:47.831  INFO 6197 --- [main] s.b.c.e.t.TomcatEmbeddedServletContainer : Tomcat initialized with port(s): 9001 (http)
2017-10-30 10:36:47.839  INFO 6197 --- [main] o.apache.catalina.core.StandardService   : Starting service Tomcat
2017-10-30 10:36:47.840  INFO 6197 --- [main] org.apache.catalina.core.StandardEngine  : Starting Servlet Engine: Apache Tomcat/8.5.11
2017-10-30 10:36:47.900  INFO 6197 --- [localhost-startStop-1] o.a.c.c.C.[Tomcat].[localhost].[/]       : Initializing Spring embedded WebApplicationContext
2017-10-30 10:36:47.901  INFO 6197 --- [localhost-startStop-1] o.s.web.context.ContextLoader            : Root WebApplicationContext: initialization completed in 912 ms
2017-10-30 10:36:48.009  INFO 6197 --- [localhost-startStop-1] o.s.b.w.servlet.ServletRegistrationBean  : Mapping servlet: 'dispatcherServlet' to [/]
2017-10-30 10:36:48.013  INFO 6197 --- [localhost-startStop-1] o.s.b.w.servlet.FilterRegistrationBean   : Mapping filter: 'characterEncodingFilter' to: [/*]
2017-10-30 10:36:48.014  INFO 6197 --- [localhost-startStop-1] o.s.b.w.servlet.FilterRegistrationBean   : Mapping filter: 'hiddenHttpMethodFilter' to: [/*]
2017-10-30 10:36:48.014  INFO 6197 --- [localhost-startStop-1] o.s.b.w.servlet.FilterRegistrationBean   : Mapping filter: 'httpPutFormContentFilter' to: [/*]
2017-10-30 10:36:48.014  INFO 6197 --- [localhost-startStop-1] o.s.b.w.servlet.FilterRegistrationBean   : Mapping filter: 'requestContextFilter' to: [/*]
2017-10-30 10:36:48.047  WARN 6197 --- [main] ationConfigEmbeddedWebApplicationContext : Exception encountered during context initialization - cancelling refresh attempt: org.springframework.beans.factory.UnsatisfiedDependencyException: Error creating bean with name 'reportingServiceConsumer': Unsatisfied dependency expressed through field 'serviceManual'; nested exception is org.springframework.beans.factory.UnsatisfiedDependencyException: Error creating bean with name 'serviceManual': Unsatisfied dependency expressed through field 'produceManualModel'; nested exception is org.springframework.beans.factory.NoSuchBeanDefinitionException: No qualifying bean of type 'com.stackroute.application.model.ProduceManualModel' available: expected at least 1 bean which qualifies as autowire candidate. Dependency annotations: {@org.springframework.beans.factory.annotation.Autowired(required=true)}
2017-10-30 10:36:48.048  INFO 6197 --- [main] o.apache.catalina.core.StandardService   : Stopping service Tomcat
2017-10-30 10:36:48.059  INFO 6197 --- [main] utoConfigurationReportLoggingInitializer : 

Error starting ApplicationContext. To display the auto-configuration report re-run your application with 'debug' enabled.
2017-10-30 10:36:48.140 ERROR 6197 --- [main] o.s.b.d.LoggingFailureAnalysisReporter   : 

***************************
APPLICATION FAILED TO START
***************************

Description:

Field produceManualModel in com.stackroute.application.service.ServiceManual required a bean of type 'com.stackroute.application.model.ProduceManualModel' that could not be found.


Action:

Consider defining a bean of type 'com.stackroute.application.model.ProduceManualModel' in your configuration.

2017-10-30 10:38:33.114  INFO 6292 --- [main] com.stackroute.application.Application   : No active profile set, falling back to default profiles: default
2017-10-30 10:38:33.128  INFO 6292 --- [main] ationConfigEmbeddedWebApplicationContext : Refreshing org.springframework.boot.context.embedded.AnnotationConfigEmbeddedWebApplicationContext@561868a0: startup date [Mon Oct 30 10:38:33 IST 2017]; parent: org.springframework.context.annotation.AnnotationConfigApplicationContext@6d763516
2017-10-30 10:38:33.687  WARN 6292 --- [main] o.s.c.a.ConfigurationClassPostProcessor  : Cannot enhance @Configuration bean definition 'refreshScope' since its singleton instance has been created too early. The typical cause is a non-static @Bean method with a BeanDefinitionRegistryPostProcessor return type: Consider declaring such methods as 'static'.
2017-10-30 10:38:33.773  INFO 6292 --- [main] o.s.cloud.context.scope.GenericScope     : BeanFactory id=3ffef6dd-19e3-3ba5-80a9-9ef4d6c626f2
2017-10-30 10:38:33.787  INFO 6292 --- [main] f.a.AutowiredAnnotationBeanPostProcessor : JSR-330 'javax.inject.Inject' annotation found and supported for autowiring
2017-10-30 10:38:33.805  INFO 6292 --- [main] trationDelegate$BeanPostProcessorChecker : Bean 'org.springframework.kafka.annotation.KafkaBootstrapConfiguration' of type [org.springframework.kafka.annotation.KafkaBootstrapConfiguration$$EnhancerBySpringCGLIB$$302044f1] is not eligible for getting processed by all BeanPostProcessors (for example: not eligible for auto-proxying)
2017-10-30 10:38:33.879  INFO 6292 --- [main] trationDelegate$BeanPostProcessorChecker : Bean 'org.springframework.cloud.autoconfigure.ConfigurationPropertiesRebinderAutoConfiguration' of type [org.springframework.cloud.autoconfigure.ConfigurationPropertiesRebinderAutoConfiguration$$EnhancerBySpringCGLIB$$7888366b] is not eligible for getting processed by all BeanPostProcessors (for example: not eligible for auto-proxying)
2017-10-30 10:38:34.044  INFO 6292 --- [main] s.b.c.e.t.TomcatEmbeddedServletContainer : Tomcat initialized with port(s): 9001 (http)
2017-10-30 10:38:34.052  INFO 6292 --- [main] o.apache.catalina.core.StandardService   : Starting service Tomcat
2017-10-30 10:38:34.053  INFO 6292 --- [main] org.apache.catalina.core.StandardEngine  : Starting Servlet Engine: Apache Tomcat/8.5.11
2017-10-30 10:38:34.117  INFO 6292 --- [localhost-startStop-1] o.a.c.c.C.[Tomcat].[localhost].[/]       : Initializing Spring embedded WebApplicationContext
2017-10-30 10:38:34.117  INFO 6292 --- [localhost-startStop-1] o.s.web.context.ContextLoader            : Root WebApplicationContext: initialization completed in 989 ms
2017-10-30 10:38:34.215  INFO 6292 --- [localhost-startStop-1] o.s.b.w.servlet.ServletRegistrationBean  : Mapping servlet: 'dispatcherServlet' to [/]
2017-10-30 10:38:34.219  INFO 6292 --- [localhost-startStop-1] o.s.b.w.servlet.FilterRegistrationBean   : Mapping filter: 'characterEncodingFilter' to: [/*]
2017-10-30 10:38:34.219  INFO 6292 --- [localhost-startStop-1] o.s.b.w.servlet.FilterRegistrationBean   : Mapping filter: 'hiddenHttpMethodFilter' to: [/*]
2017-10-30 10:38:34.219  INFO 6292 --- [localhost-startStop-1] o.s.b.w.servlet.FilterRegistrationBean   : Mapping filter: 'httpPutFormContentFilter' to: [/*]
2017-10-30 10:38:34.219  INFO 6292 --- [localhost-startStop-1] o.s.b.w.servlet.FilterRegistrationBean   : Mapping filter: 'requestContextFilter' to: [/*]
2017-10-30 10:38:34.251  WARN 6292 --- [main] ationConfigEmbeddedWebApplicationContext : Exception encountered during context initialization - cancelling refresh attempt: org.springframework.beans.factory.UnsatisfiedDependencyException: Error creating bean with name 'reportingServiceConsumer': Unsatisfied dependency expressed through field 'serviceManual'; nested exception is org.springframework.beans.factory.UnsatisfiedDependencyException: Error creating bean with name 'serviceManual': Unsatisfied dependency expressed through field 'produceManualModel'; nested exception is org.springframework.beans.factory.NoSuchBeanDefinitionException: No qualifying bean of type 'com.stackroute.application.model.ProduceManualModel' available: expected at least 1 bean which qualifies as autowire candidate. Dependency annotations: {@org.springframework.beans.factory.annotation.Autowired(required=true)}
2017-10-30 10:38:34.252  INFO 6292 --- [main] o.apache.catalina.core.StandardService   : Stopping service Tomcat
2017-10-30 10:38:34.262  INFO 6292 --- [main] utoConfigurationReportLoggingInitializer : 

Error starting ApplicationContext. To display the auto-configuration report re-run your application with 'debug' enabled.
2017-10-30 10:38:34.347 ERROR 6292 --- [main] o.s.b.d.LoggingFailureAnalysisReporter   : 

***************************
APPLICATION FAILED TO START
***************************

Description:

Field produceManualModel in com.stackroute.application.service.ServiceManual required a bean of type 'com.stackroute.application.model.ProduceManualModel' that could not be found.


Action:

Consider defining a bean of type 'com.stackroute.application.model.ProduceManualModel' in your configuration.

2017-10-30 10:40:19.768  INFO 6377 --- [main] com.stackroute.application.Application   : No active profile set, falling back to default profiles: default
2017-10-30 10:40:19.779  INFO 6377 --- [main] ationConfigEmbeddedWebApplicationContext : Refreshing org.springframework.boot.context.embedded.AnnotationConfigEmbeddedWebApplicationContext@561868a0: startup date [Mon Oct 30 10:40:19 IST 2017]; parent: org.springframework.context.annotation.AnnotationConfigApplicationContext@6d763516
2017-10-30 10:40:20.264  WARN 6377 --- [main] o.s.c.a.ConfigurationClassPostProcessor  : Cannot enhance @Configuration bean definition 'refreshScope' since its singleton instance has been created too early. The typical cause is a non-static @Bean method with a BeanDefinitionRegistryPostProcessor return type: Consider declaring such methods as 'static'.
2017-10-30 10:40:20.356  INFO 6377 --- [main] o.s.cloud.context.scope.GenericScope     : BeanFactory id=3ffef6dd-19e3-3ba5-80a9-9ef4d6c626f2
2017-10-30 10:40:20.369  INFO 6377 --- [main] f.a.AutowiredAnnotationBeanPostProcessor : JSR-330 'javax.inject.Inject' annotation found and supported for autowiring
2017-10-30 10:40:20.387  INFO 6377 --- [main] trationDelegate$BeanPostProcessorChecker : Bean 'org.springframework.kafka.annotation.KafkaBootstrapConfiguration' of type [org.springframework.kafka.annotation.KafkaBootstrapConfiguration$$EnhancerBySpringCGLIB$$302044f1] is not eligible for getting processed by all BeanPostProcessors (for example: not eligible for auto-proxying)
2017-10-30 10:40:20.458  INFO 6377 --- [main] trationDelegate$BeanPostProcessorChecker : Bean 'org.springframework.cloud.autoconfigure.ConfigurationPropertiesRebinderAutoConfiguration' of type [org.springframework.cloud.autoconfigure.ConfigurationPropertiesRebinderAutoConfiguration$$EnhancerBySpringCGLIB$$7888366b] is not eligible for getting processed by all BeanPostProcessors (for example: not eligible for auto-proxying)
2017-10-30 10:40:20.623  INFO 6377 --- [main] s.b.c.e.t.TomcatEmbeddedServletContainer : Tomcat initialized with port(s): 9001 (http)
2017-10-30 10:40:20.631  INFO 6377 --- [main] o.apache.catalina.core.StandardService   : Starting service Tomcat
2017-10-30 10:40:20.632  INFO 6377 --- [main] org.apache.catalina.core.StandardEngine  : Starting Servlet Engine: Apache Tomcat/8.5.11
2017-10-30 10:40:20.695  INFO 6377 --- [localhost-startStop-1] o.a.c.c.C.[Tomcat].[localhost].[/]       : Initializing Spring embedded WebApplicationContext
2017-10-30 10:40:20.695  INFO 6377 --- [localhost-startStop-1] o.s.web.context.ContextLoader            : Root WebApplicationContext: initialization completed in 916 ms
2017-10-30 10:40:20.790  INFO 6377 --- [localhost-startStop-1] o.s.b.w.servlet.ServletRegistrationBean  : Mapping servlet: 'dispatcherServlet' to [/]
2017-10-30 10:40:20.793  INFO 6377 --- [localhost-startStop-1] o.s.b.w.servlet.FilterRegistrationBean   : Mapping filter: 'characterEncodingFilter' to: [/*]
2017-10-30 10:40:20.794  INFO 6377 --- [localhost-startStop-1] o.s.b.w.servlet.FilterRegistrationBean   : Mapping filter: 'hiddenHttpMethodFilter' to: [/*]
2017-10-30 10:40:20.794  INFO 6377 --- [localhost-startStop-1] o.s.b.w.servlet.FilterRegistrationBean   : Mapping filter: 'httpPutFormContentFilter' to: [/*]
2017-10-30 10:40:20.794  INFO 6377 --- [localhost-startStop-1] o.s.b.w.servlet.FilterRegistrationBean   : Mapping filter: 'requestContextFilter' to: [/*]
2017-10-30 10:40:20.827  WARN 6377 --- [main] ationConfigEmbeddedWebApplicationContext : Exception encountered during context initialization - cancelling refresh attempt: org.springframework.beans.factory.UnsatisfiedDependencyException: Error creating bean with name 'reportingServiceConsumer': Unsatisfied dependency expressed through field 'serviceManual'; nested exception is org.springframework.beans.factory.UnsatisfiedDependencyException: Error creating bean with name 'serviceManual': Unsatisfied dependency expressed through field 'produceManualModel'; nested exception is org.springframework.beans.factory.NoSuchBeanDefinitionException: No qualifying bean of type 'com.stackroute.application.model.ProduceManualModel' available: expected at least 1 bean which qualifies as autowire candidate. Dependency annotations: {@org.springframework.beans.factory.annotation.Autowired(required=true)}
2017-10-30 10:40:20.828  INFO 6377 --- [main] o.apache.catalina.core.StandardService   : Stopping service Tomcat
2017-10-30 10:40:20.839  INFO 6377 --- [main] utoConfigurationReportLoggingInitializer : 

Error starting ApplicationContext. To display the auto-configuration report re-run your application with 'debug' enabled.
2017-10-30 10:40:20.937 ERROR 6377 --- [main] o.s.b.d.LoggingFailureAnalysisReporter   : 

***************************
APPLICATION FAILED TO START
***************************

Description:

Field produceManualModel in com.stackroute.application.service.ServiceManual required a bean of type 'com.stackroute.application.model.ProduceManualModel' that could not be found.


Action:

Consider defining a bean of type 'com.stackroute.application.model.ProduceManualModel' in your configuration.

2017-10-30 10:43:48.165  INFO 6552 --- [main] com.stackroute.application.Application   : No active profile set, falling back to default profiles: default
2017-10-30 10:43:48.182  INFO 6552 --- [main] ationConfigEmbeddedWebApplicationContext : Refreshing org.springframework.boot.context.embedded.AnnotationConfigEmbeddedWebApplicationContext@561868a0: startup date [Mon Oct 30 10:43:48 IST 2017]; parent: org.springframework.context.annotation.AnnotationConfigApplicationContext@6d763516
2017-10-30 10:43:48.660  WARN 6552 --- [main] o.s.c.a.ConfigurationClassPostProcessor  : Cannot enhance @Configuration bean definition 'refreshScope' since its singleton instance has been created too early. The typical cause is a non-static @Bean method with a BeanDefinitionRegistryPostProcessor return type: Consider declaring such methods as 'static'.
2017-10-30 10:43:48.737  INFO 6552 --- [main] o.s.cloud.context.scope.GenericScope     : BeanFactory id=3ffef6dd-19e3-3ba5-80a9-9ef4d6c626f2
2017-10-30 10:43:48.750  INFO 6552 --- [main] f.a.AutowiredAnnotationBeanPostProcessor : JSR-330 'javax.inject.Inject' annotation found and supported for autowiring
2017-10-30 10:43:48.767  INFO 6552 --- [main] trationDelegate$BeanPostProcessorChecker : Bean 'org.springframework.kafka.annotation.KafkaBootstrapConfiguration' of type [org.springframework.kafka.annotation.KafkaBootstrapConfiguration$$EnhancerBySpringCGLIB$$302044f1] is not eligible for getting processed by all BeanPostProcessors (for example: not eligible for auto-proxying)
2017-10-30 10:43:48.833  INFO 6552 --- [main] trationDelegate$BeanPostProcessorChecker : Bean 'org.springframework.cloud.autoconfigure.ConfigurationPropertiesRebinderAutoConfiguration' of type [org.springframework.cloud.autoconfigure.ConfigurationPropertiesRebinderAutoConfiguration$$EnhancerBySpringCGLIB$$7888366b] is not eligible for getting processed by all BeanPostProcessors (for example: not eligible for auto-proxying)
2017-10-30 10:43:48.985  INFO 6552 --- [main] s.b.c.e.t.TomcatEmbeddedServletContainer : Tomcat initialized with port(s): 9001 (http)
2017-10-30 10:43:48.992  INFO 6552 --- [main] o.apache.catalina.core.StandardService   : Starting service Tomcat
2017-10-30 10:43:48.992  INFO 6552 --- [main] org.apache.catalina.core.StandardEngine  : Starting Servlet Engine: Apache Tomcat/8.5.11
2017-10-30 10:43:49.049  INFO 6552 --- [localhost-startStop-1] o.a.c.c.C.[Tomcat].[localhost].[/]       : Initializing Spring embedded WebApplicationContext
2017-10-30 10:43:49.049  INFO 6552 --- [localhost-startStop-1] o.s.web.context.ContextLoader            : Root WebApplicationContext: initialization completed in 867 ms
2017-10-30 10:43:49.137  INFO 6552 --- [localhost-startStop-1] o.s.b.w.servlet.ServletRegistrationBean  : Mapping servlet: 'dispatcherServlet' to [/]
2017-10-30 10:43:49.140  INFO 6552 --- [localhost-startStop-1] o.s.b.w.servlet.FilterRegistrationBean   : Mapping filter: 'characterEncodingFilter' to: [/*]
2017-10-30 10:43:49.141  INFO 6552 --- [localhost-startStop-1] o.s.b.w.servlet.FilterRegistrationBean   : Mapping filter: 'hiddenHttpMethodFilter' to: [/*]
2017-10-30 10:43:49.141  INFO 6552 --- [localhost-startStop-1] o.s.b.w.servlet.FilterRegistrationBean   : Mapping filter: 'httpPutFormContentFilter' to: [/*]
2017-10-30 10:43:49.141  INFO 6552 --- [localhost-startStop-1] o.s.b.w.servlet.FilterRegistrationBean   : Mapping filter: 'requestContextFilter' to: [/*]
2017-10-30 10:43:49.548  INFO 6552 --- [main] s.w.s.m.m.a.RequestMappingHandlerAdapter : Looking for @ControllerAdvice: org.springframework.boot.context.embedded.AnnotationConfigEmbeddedWebApplicationContext@561868a0: startup date [Mon Oct 30 10:43:48 IST 2017]; parent: org.springframework.context.annotation.AnnotationConfigApplicationContext@6d763516
2017-10-30 10:43:49.591  INFO 6552 --- [main] s.w.s.m.m.a.RequestMappingHandlerMapping : Mapped "{[/error],produces=[text/html]}" onto public org.springframework.web.servlet.ModelAndView org.springframework.boot.autoconfigure.web.BasicErrorController.errorHtml(javax.servlet.http.HttpServletRequest,javax.servlet.http.HttpServletResponse)
2017-10-30 10:43:49.591  INFO 6552 --- [main] s.w.s.m.m.a.RequestMappingHandlerMapping : Mapped "{[/error]}" onto public org.springframework.http.ResponseEntity<java.util.Map<java.lang.String, java.lang.Object>> org.springframework.boot.autoconfigure.web.BasicErrorController.error(javax.servlet.http.HttpServletRequest)
2017-10-30 10:43:49.623  INFO 6552 --- [main] o.s.w.s.handler.SimpleUrlHandlerMapping  : Mapped URL path [/webjars/**] onto handler of type [class org.springframework.web.servlet.resource.ResourceHttpRequestHandler]
2017-10-30 10:43:49.623  INFO 6552 --- [main] o.s.w.s.handler.SimpleUrlHandlerMapping  : Mapped URL path [/**] onto handler of type [class org.springframework.web.servlet.resource.ResourceHttpRequestHandler]
2017-10-30 10:43:49.639  INFO 6552 --- [main] .m.m.a.ExceptionHandlerExceptionResolver : Detected @ExceptionHandler methods in exceptionHandlingController
2017-10-30 10:43:49.659  INFO 6552 --- [main] o.s.w.s.handler.SimpleUrlHandlerMapping  : Mapped URL path [/**/favicon.ico] onto handler of type [class org.springframework.web.servlet.resource.ResourceHttpRequestHandler]
2017-10-30 10:43:49.900  INFO 6552 --- [main] org.mongodb.driver.cluster               : Cluster created with settings {hosts=[localhost:27017], mode=SINGLE, requiredClusterType=UNKNOWN, serverSelectionTimeout='30000 ms', maxWaitQueueSize=500}
2017-10-30 10:43:49.925  INFO 6552 --- [cluster-ClusterId{value='59f6b50dd8145819981a728f', description='null'}-localhost:27017] org.mongodb.driver.cluster               : Exception in monitor thread while connecting to server localhost:27017

com.mongodb.MongoSocketOpenException: Exception opening socket
	at com.mongodb.connection.SocketStream.open(SocketStream.java:63) ~[mongodb-driver-core-3.4.2.jar:na]
	at com.mongodb.connection.InternalStreamConnection.open(InternalStreamConnection.java:115) ~[mongodb-driver-core-3.4.2.jar:na]
	at com.mongodb.connection.DefaultServerMonitor$ServerMonitorRunnable.run(DefaultServerMonitor.java:113) ~[mongodb-driver-core-3.4.2.jar:na]
	at java.lang.Thread.run(Thread.java:748) [na:1.8.0_131]
Caused by: java.net.ConnectException: Connection refused (Connection refused)
	at java.net.PlainSocketImpl.socketConnect(Native Method) ~[na:1.8.0_131]
	at java.net.AbstractPlainSocketImpl.doConnect(AbstractPlainSocketImpl.java:350) ~[na:1.8.0_131]
	at java.net.AbstractPlainSocketImpl.connectToAddress(AbstractPlainSocketImpl.java:206) ~[na:1.8.0_131]
	at java.net.AbstractPlainSocketImpl.connect(AbstractPlainSocketImpl.java:188) ~[na:1.8.0_131]
	at java.net.SocksSocketImpl.connect(SocksSocketImpl.java:392) ~[na:1.8.0_131]
	at java.net.Socket.connect(Socket.java:589) ~[na:1.8.0_131]
	at com.mongodb.connection.SocketStreamHelper.initialize(SocketStreamHelper.java:57) ~[mongodb-driver-core-3.4.2.jar:na]
	at com.mongodb.connection.SocketStream.open(SocketStream.java:58) ~[mongodb-driver-core-3.4.2.jar:na]
	... 3 common frames omitted

2017-10-30 10:43:50.160  WARN 6552 --- [main] c.n.c.sources.URLConfigurationSource     : No URLs will be polled as dynamic configuration sources.
2017-10-30 10:43:50.160  INFO 6552 --- [main] c.n.c.sources.URLConfigurationSource     : To enable URLs as dynamic configuration sources, define System property archaius.configurationSource.additionalUrls or make config.properties available on classpath.
2017-10-30 10:43:50.164  WARN 6552 --- [main] c.n.c.sources.URLConfigurationSource     : No URLs will be polled as dynamic configuration sources.
2017-10-30 10:43:50.164  INFO 6552 --- [main] c.n.c.sources.URLConfigurationSource     : To enable URLs as dynamic configuration sources, define System property archaius.configurationSource.additionalUrls or make config.properties available on classpath.
2017-10-30 10:43:50.328  INFO 6552 --- [main] o.s.j.e.a.AnnotationMBeanExporter        : Registering beans for JMX exposure on startup
2017-10-30 10:43:50.345  INFO 6552 --- [main] o.s.j.e.a.AnnotationMBeanExporter        : Bean with name 'refreshScope' has been autodetected for JMX exposure
2017-10-30 10:43:50.346  INFO 6552 --- [main] o.s.j.e.a.AnnotationMBeanExporter        : Bean with name 'environmentManager' has been autodetected for JMX exposure
2017-10-30 10:43:50.348  INFO 6552 --- [main] o.s.j.e.a.AnnotationMBeanExporter        : Bean with name 'configurationPropertiesRebinder' has been autodetected for JMX exposure
2017-10-30 10:43:50.350  INFO 6552 --- [main] o.s.j.e.a.AnnotationMBeanExporter        : Located managed bean 'environmentManager': registering with JMX server as MBean [org.springframework.cloud.context.environment:name=environmentManager,type=EnvironmentManager]
2017-10-30 10:43:50.362  INFO 6552 --- [main] o.s.j.e.a.AnnotationMBeanExporter        : Located managed bean 'refreshScope': registering with JMX server as MBean [org.springframework.cloud.context.scope.refresh:name=refreshScope,type=RefreshScope]
2017-10-30 10:43:50.371  INFO 6552 --- [main] o.s.j.e.a.AnnotationMBeanExporter        : Located managed bean 'configurationPropertiesRebinder': registering with JMX server as MBean [org.springframework.cloud.context.properties:name=configurationPropertiesRebinder,context=561868a0,type=ConfigurationPropertiesRebinder]
2017-10-30 10:43:50.513  INFO 6552 --- [main] o.s.c.support.DefaultLifecycleProcessor  : Starting beans in phase 0
2017-10-30 10:43:50.528  INFO 6552 --- [main] o.a.k.clients.consumer.ConsumerConfig    : ConsumerConfig values: 
	auto.commit.interval.ms = 5000
	auto.offset.reset = latest
	bootstrap.servers = [localhost:9092]
	check.crcs = true
	client.id = 
	connections.max.idle.ms = 540000
	enable.auto.commit = true
	exclude.internal.topics = true
	fetch.max.bytes = 52428800
	fetch.max.wait.ms = 500
	fetch.min.bytes = 1
	group.id = trigger1
	heartbeat.interval.ms = 3000
	interceptor.classes = null
	key.deserializer = class org.apache.kafka.common.serialization.StringDeserializer
	max.partition.fetch.bytes = 1048576
	max.poll.interval.ms = 300000
	max.poll.records = 500
	metadata.max.age.ms = 300000
	metric.reporters = []
	metrics.num.samples = 2
	metrics.sample.window.ms = 30000
	partition.assignment.strategy = [class org.apache.kafka.clients.consumer.RangeAssignor]
	receive.buffer.bytes = 65536
	reconnect.backoff.ms = 50
	request.timeout.ms = 305000
	retry.backoff.ms = 100
	sasl.kerberos.kinit.cmd = /usr/bin/kinit
	sasl.kerberos.min.time.before.relogin = 60000
	sasl.kerberos.service.name = null
	sasl.kerberos.ticket.renew.jitter = 0.05
	sasl.kerberos.ticket.renew.window.factor = 0.8
	sasl.mechanism = GSSAPI
	security.protocol = PLAINTEXT
	send.buffer.bytes = 131072
	session.timeout.ms = 10000
	ssl.cipher.suites = null
	ssl.enabled.protocols = [TLSv1.2, TLSv1.1, TLSv1]
	ssl.endpoint.identification.algorithm = null
	ssl.key.password = null
	ssl.keymanager.algorithm = SunX509
	ssl.keystore.location = null
	ssl.keystore.password = null
	ssl.keystore.type = JKS
	ssl.protocol = TLS
	ssl.provider = null
	ssl.secure.random.implementation = null
	ssl.trustmanager.algorithm = PKIX
	ssl.truststore.location = null
	ssl.truststore.password = null
	ssl.truststore.type = JKS
	value.deserializer = class org.springframework.kafka.support.serializer.JsonDeserializer

2017-10-30 10:43:50.531  INFO 6552 --- [main] o.a.k.clients.consumer.ConsumerConfig    : ConsumerConfig values: 
	auto.commit.interval.ms = 5000
	auto.offset.reset = latest
	bootstrap.servers = [localhost:9092]
	check.crcs = true
	client.id = consumer-1
	connections.max.idle.ms = 540000
	enable.auto.commit = true
	exclude.internal.topics = true
	fetch.max.bytes = 52428800
	fetch.max.wait.ms = 500
	fetch.min.bytes = 1
	group.id = trigger1
	heartbeat.interval.ms = 3000
	interceptor.classes = null
	key.deserializer = class org.apache.kafka.common.serialization.StringDeserializer
	max.partition.fetch.bytes = 1048576
	max.poll.interval.ms = 300000
	max.poll.records = 500
	metadata.max.age.ms = 300000
	metric.reporters = []
	metrics.num.samples = 2
	metrics.sample.window.ms = 30000
	partition.assignment.strategy = [class org.apache.kafka.clients.consumer.RangeAssignor]
	receive.buffer.bytes = 65536
	reconnect.backoff.ms = 50
	request.timeout.ms = 305000
	retry.backoff.ms = 100
	sasl.kerberos.kinit.cmd = /usr/bin/kinit
	sasl.kerberos.min.time.before.relogin = 60000
	sasl.kerberos.service.name = null
	sasl.kerberos.ticket.renew.jitter = 0.05
	sasl.kerberos.ticket.renew.window.factor = 0.8
	sasl.mechanism = GSSAPI
	security.protocol = PLAINTEXT
	send.buffer.bytes = 131072
	session.timeout.ms = 10000
	ssl.cipher.suites = null
	ssl.enabled.protocols = [TLSv1.2, TLSv1.1, TLSv1]
	ssl.endpoint.identification.algorithm = null
	ssl.key.password = null
	ssl.keymanager.algorithm = SunX509
	ssl.keystore.location = null
	ssl.keystore.password = null
	ssl.keystore.type = JKS
	ssl.protocol = TLS
	ssl.provider = null
	ssl.secure.random.implementation = null
	ssl.trustmanager.algorithm = PKIX
	ssl.truststore.location = null
	ssl.truststore.password = null
	ssl.truststore.type = JKS
	value.deserializer = class org.springframework.kafka.support.serializer.JsonDeserializer

2017-10-30 10:43:50.549  INFO 6552 --- [main] o.a.kafka.common.utils.AppInfoParser     : Kafka version : 0.10.1.1
2017-10-30 10:43:50.549  INFO 6552 --- [main] o.a.kafka.common.utils.AppInfoParser     : Kafka commitId : f10ef2720b03b247
2017-10-30 10:43:50.556  INFO 6552 --- [main] o.s.c.n.eureka.InstanceInfoFactory       : Setting initial instance status as: STARTING
2017-10-30 10:43:50.772  INFO 6552 --- [main] c.n.d.provider.DiscoveryJerseyProvider   : Using JSON encoding codec LegacyJacksonJson
2017-10-30 10:43:50.773  INFO 6552 --- [main] c.n.d.provider.DiscoveryJerseyProvider   : Using JSON decoding codec LegacyJacksonJson
2017-10-30 10:43:50.839  INFO 6552 --- [main] c.n.d.provider.DiscoveryJerseyProvider   : Using XML encoding codec XStreamXml
2017-10-30 10:43:50.839  INFO 6552 --- [main] c.n.d.provider.DiscoveryJerseyProvider   : Using XML decoding codec XStreamXml
2017-10-30 10:43:50.966  INFO 6552 --- [main] c.n.d.s.r.aws.ConfigClusterResolver      : Resolving eureka endpoints via configuration
2017-10-30 10:43:50.978  INFO 6552 --- [main] com.netflix.discovery.DiscoveryClient    : Disable delta property : false
2017-10-30 10:43:50.978  INFO 6552 --- [main] com.netflix.discovery.DiscoveryClient    : Single vip registry refresh property : null
2017-10-30 10:43:50.979  INFO 6552 --- [main] com.netflix.discovery.DiscoveryClient    : Force full registry fetch : false
2017-10-30 10:43:50.979  INFO 6552 --- [main] com.netflix.discovery.DiscoveryClient    : Application is null : false
2017-10-30 10:43:50.979  INFO 6552 --- [main] com.netflix.discovery.DiscoveryClient    : Registered Applications size is zero : true
2017-10-30 10:43:50.979  INFO 6552 --- [main] com.netflix.discovery.DiscoveryClient    : Application version is -1: true
2017-10-30 10:43:50.979  INFO 6552 --- [main] com.netflix.discovery.DiscoveryClient    : Getting all instance registry info from the eureka server
2017-10-30 10:43:51.209  INFO 6552 --- [main] com.netflix.discovery.DiscoveryClient    : The response status is 200
2017-10-30 10:43:51.210  INFO 6552 --- [main] com.netflix.discovery.DiscoveryClient    : Starting heartbeat executor: renew interval is: 30
2017-10-30 10:43:51.212  INFO 6552 --- [main] c.n.discovery.InstanceInfoReplicator     : InstanceInfoReplicator onDemand update allowed rate per min is 4
2017-10-30 10:43:51.216  INFO 6552 --- [main] com.netflix.discovery.DiscoveryClient    : Discovery Client initialized at timestamp 1509340431215 with initial instances count: 3
2017-10-30 10:43:51.233  INFO 6552 --- [main] c.n.e.EurekaDiscoveryClientConfiguration : Registering application svnfunctionality with eureka with status UP
2017-10-30 10:43:51.234  INFO 6552 --- [main] com.netflix.discovery.DiscoveryClient    : Saw local status change event StatusChangeEvent [timestamp=1509340431234, current=UP, previous=STARTING]
2017-10-30 10:43:51.235  INFO 6552 --- [DiscoveryClient-InstanceInfoReplicator-0] com.netflix.discovery.DiscoveryClient    : DiscoveryClient_SVNFUNCTIONALITY/172.23.238.167:svnfunctionality:9001: registering service...
2017-10-30 10:43:51.261  INFO 6552 --- [DiscoveryClient-InstanceInfoReplicator-0] com.netflix.discovery.DiscoveryClient    : DiscoveryClient_SVNFUNCTIONALITY/172.23.238.167:svnfunctionality:9001 - registration status: 204
2017-10-30 10:43:51.263  INFO 6552 --- [main] s.b.c.e.t.TomcatEmbeddedServletContainer : Tomcat started on port(s): 9001 (http)
2017-10-30 10:43:51.264  INFO 6552 --- [main] c.n.e.EurekaDiscoveryClientConfiguration : Updating port to 9001
2017-10-30 10:43:51.266  INFO 6552 --- [main] com.stackroute.application.Application   : Started Application in 3.867 seconds (JVM running for 4.239)
2017-10-30 10:46:45.479  INFO 6552 --- [RMI TCP Connection(2)-127.0.0.1] inMXBeanRegistrar$SpringApplicationAdmin : Application shutdown requested.
2017-10-30 10:46:45.479  INFO 6552 --- [RMI TCP Connection(2)-127.0.0.1] ationConfigEmbeddedWebApplicationContext : Closing org.springframework.boot.context.embedded.AnnotationConfigEmbeddedWebApplicationContext@561868a0: startup date [Mon Oct 30 10:43:48 IST 2017]; parent: org.springframework.context.annotation.AnnotationConfigApplicationContext@6d763516
2017-10-30 10:46:45.480  INFO 6552 --- [RMI TCP Connection(2)-127.0.0.1] c.n.e.EurekaDiscoveryClientConfiguration : Unregistering application svnfunctionality with eureka with status DOWN
2017-10-30 10:46:45.480  WARN 6552 --- [RMI TCP Connection(2)-127.0.0.1] com.netflix.discovery.DiscoveryClient    : Saw local status change event StatusChangeEvent [timestamp=1509340605480, current=DOWN, previous=UP]
2017-10-30 10:46:45.481  INFO 6552 --- [DiscoveryClient-InstanceInfoReplicator-0] com.netflix.discovery.DiscoveryClient    : DiscoveryClient_SVNFUNCTIONALITY/172.23.238.167:svnfunctionality:9001: registering service...
2017-10-30 10:46:45.482  INFO 6552 --- [RMI TCP Connection(2)-127.0.0.1] com.netflix.discovery.DiscoveryClient    : Shutting down DiscoveryClient ...
2017-10-30 10:46:45.483  INFO 6552 --- [RMI TCP Connection(2)-127.0.0.1] com.netflix.discovery.DiscoveryClient    : Unregistering ...
2017-10-30 10:46:45.507  INFO 6552 --- [DiscoveryClient-InstanceInfoReplicator-0] com.netflix.discovery.DiscoveryClient    : DiscoveryClient_SVNFUNCTIONALITY/172.23.238.167:svnfunctionality:9001 - registration status: 204
2017-10-30 10:46:45.531  INFO 6552 --- [RMI TCP Connection(2)-127.0.0.1] com.netflix.discovery.DiscoveryClient    : DiscoveryClient_SVNFUNCTIONALITY/172.23.238.167:svnfunctionality:9001 - deregister  status: 200
2017-10-30 10:46:45.551  INFO 6552 --- [RMI TCP Connection(2)-127.0.0.1] com.netflix.discovery.DiscoveryClient    : Completed shut down of DiscoveryClient
2017-10-30 10:46:45.553  INFO 6552 --- [RMI TCP Connection(2)-127.0.0.1] o.s.c.support.DefaultLifecycleProcessor  : Stopping beans in phase 0
2017-10-30 10:46:45.570  INFO 6552 --- [org.springframework.kafka.KafkaListenerEndpointContainer#0-0-kafka-consumer-1] essageListenerContainer$ListenerConsumer : Consumer stopped
2017-10-30 10:46:45.578  INFO 6552 --- [RMI TCP Connection(2)-127.0.0.1] o.s.j.e.a.AnnotationMBeanExporter        : Unregistering JMX-exposed beans on shutdown
2017-10-30 10:46:45.578  INFO 6552 --- [RMI TCP Connection(2)-127.0.0.1] o.s.j.e.a.AnnotationMBeanExporter        : Unregistering JMX-exposed beans
2017-10-30 10:46:45.632  INFO 6552 --- [RMI TCP Connection(2)-127.0.0.1] o.apache.catalina.core.StandardService   : Stopping service Tomcat
2017-10-30 10:46:53.883  INFO 6766 --- [main] com.stackroute.application.Application   : No active profile set, falling back to default profiles: default
2017-10-30 10:46:53.894  INFO 6766 --- [main] ationConfigEmbeddedWebApplicationContext : Refreshing org.springframework.boot.context.embedded.AnnotationConfigEmbeddedWebApplicationContext@561868a0: startup date [Mon Oct 30 10:46:53 IST 2017]; parent: org.springframework.context.annotation.AnnotationConfigApplicationContext@6d763516
2017-10-30 10:46:54.351  WARN 6766 --- [main] o.s.c.a.ConfigurationClassPostProcessor  : Cannot enhance @Configuration bean definition 'refreshScope' since its singleton instance has been created too early. The typical cause is a non-static @Bean method with a BeanDefinitionRegistryPostProcessor return type: Consider declaring such methods as 'static'.
2017-10-30 10:46:54.429  INFO 6766 --- [main] o.s.cloud.context.scope.GenericScope     : BeanFactory id=3ffef6dd-19e3-3ba5-80a9-9ef4d6c626f2
2017-10-30 10:46:54.442  INFO 6766 --- [main] f.a.AutowiredAnnotationBeanPostProcessor : JSR-330 'javax.inject.Inject' annotation found and supported for autowiring
2017-10-30 10:46:54.457  INFO 6766 --- [main] trationDelegate$BeanPostProcessorChecker : Bean 'org.springframework.kafka.annotation.KafkaBootstrapConfiguration' of type [org.springframework.kafka.annotation.KafkaBootstrapConfiguration$$EnhancerBySpringCGLIB$$302044f1] is not eligible for getting processed by all BeanPostProcessors (for example: not eligible for auto-proxying)
2017-10-30 10:46:54.525  INFO 6766 --- [main] trationDelegate$BeanPostProcessorChecker : Bean 'org.springframework.cloud.autoconfigure.ConfigurationPropertiesRebinderAutoConfiguration' of type [org.springframework.cloud.autoconfigure.ConfigurationPropertiesRebinderAutoConfiguration$$EnhancerBySpringCGLIB$$7888366b] is not eligible for getting processed by all BeanPostProcessors (for example: not eligible for auto-proxying)
2017-10-30 10:46:54.675  INFO 6766 --- [main] s.b.c.e.t.TomcatEmbeddedServletContainer : Tomcat initialized with port(s): 9001 (http)
2017-10-30 10:46:54.682  INFO 6766 --- [main] o.apache.catalina.core.StandardService   : Starting service Tomcat
2017-10-30 10:46:54.683  INFO 6766 --- [main] org.apache.catalina.core.StandardEngine  : Starting Servlet Engine: Apache Tomcat/8.5.11
2017-10-30 10:46:54.739  INFO 6766 --- [localhost-startStop-1] o.a.c.c.C.[Tomcat].[localhost].[/]       : Initializing Spring embedded WebApplicationContext
2017-10-30 10:46:54.740  INFO 6766 --- [localhost-startStop-1] o.s.web.context.ContextLoader            : Root WebApplicationContext: initialization completed in 846 ms
2017-10-30 10:46:54.839  INFO 6766 --- [localhost-startStop-1] o.s.b.w.servlet.ServletRegistrationBean  : Mapping servlet: 'dispatcherServlet' to [/]
2017-10-30 10:46:54.843  INFO 6766 --- [localhost-startStop-1] o.s.b.w.servlet.FilterRegistrationBean   : Mapping filter: 'characterEncodingFilter' to: [/*]
2017-10-30 10:46:54.844  INFO 6766 --- [localhost-startStop-1] o.s.b.w.servlet.FilterRegistrationBean   : Mapping filter: 'hiddenHttpMethodFilter' to: [/*]
2017-10-30 10:46:54.844  INFO 6766 --- [localhost-startStop-1] o.s.b.w.servlet.FilterRegistrationBean   : Mapping filter: 'httpPutFormContentFilter' to: [/*]
2017-10-30 10:46:54.844  INFO 6766 --- [localhost-startStop-1] o.s.b.w.servlet.FilterRegistrationBean   : Mapping filter: 'requestContextFilter' to: [/*]
2017-10-30 10:46:55.270  INFO 6766 --- [main] s.w.s.m.m.a.RequestMappingHandlerAdapter : Looking for @ControllerAdvice: org.springframework.boot.context.embedded.AnnotationConfigEmbeddedWebApplicationContext@561868a0: startup date [Mon Oct 30 10:46:53 IST 2017]; parent: org.springframework.context.annotation.AnnotationConfigApplicationContext@6d763516
2017-10-30 10:46:55.312  INFO 6766 --- [main] s.w.s.m.m.a.RequestMappingHandlerMapping : Mapped "{[/error],produces=[text/html]}" onto public org.springframework.web.servlet.ModelAndView org.springframework.boot.autoconfigure.web.BasicErrorController.errorHtml(javax.servlet.http.HttpServletRequest,javax.servlet.http.HttpServletResponse)
2017-10-30 10:46:55.313  INFO 6766 --- [main] s.w.s.m.m.a.RequestMappingHandlerMapping : Mapped "{[/error]}" onto public org.springframework.http.ResponseEntity<java.util.Map<java.lang.String, java.lang.Object>> org.springframework.boot.autoconfigure.web.BasicErrorController.error(javax.servlet.http.HttpServletRequest)
2017-10-30 10:46:55.343  INFO 6766 --- [main] o.s.w.s.handler.SimpleUrlHandlerMapping  : Mapped URL path [/webjars/**] onto handler of type [class org.springframework.web.servlet.resource.ResourceHttpRequestHandler]
2017-10-30 10:46:55.344  INFO 6766 --- [main] o.s.w.s.handler.SimpleUrlHandlerMapping  : Mapped URL path [/**] onto handler of type [class org.springframework.web.servlet.resource.ResourceHttpRequestHandler]
2017-10-30 10:46:55.360  INFO 6766 --- [main] .m.m.a.ExceptionHandlerExceptionResolver : Detected @ExceptionHandler methods in exceptionHandlingController
2017-10-30 10:46:55.380  INFO 6766 --- [main] o.s.w.s.handler.SimpleUrlHandlerMapping  : Mapped URL path [/**/favicon.ico] onto handler of type [class org.springframework.web.servlet.resource.ResourceHttpRequestHandler]
2017-10-30 10:46:55.630  INFO 6766 --- [main] org.mongodb.driver.cluster               : Cluster created with settings {hosts=[localhost:27017], mode=SINGLE, requiredClusterType=UNKNOWN, serverSelectionTimeout='30000 ms', maxWaitQueueSize=500}
2017-10-30 10:46:55.657  INFO 6766 --- [cluster-ClusterId{value='59f6b5c7d814581a6eb08334', description='null'}-localhost:27017] org.mongodb.driver.cluster               : Exception in monitor thread while connecting to server localhost:27017

com.mongodb.MongoSocketOpenException: Exception opening socket
	at com.mongodb.connection.SocketStream.open(SocketStream.java:63) ~[mongodb-driver-core-3.4.2.jar:na]
	at com.mongodb.connection.InternalStreamConnection.open(InternalStreamConnection.java:115) ~[mongodb-driver-core-3.4.2.jar:na]
	at com.mongodb.connection.DefaultServerMonitor$ServerMonitorRunnable.run(DefaultServerMonitor.java:113) ~[mongodb-driver-core-3.4.2.jar:na]
	at java.lang.Thread.run(Thread.java:748) [na:1.8.0_131]
Caused by: java.net.ConnectException: Connection refused (Connection refused)
	at java.net.PlainSocketImpl.socketConnect(Native Method) ~[na:1.8.0_131]
	at java.net.AbstractPlainSocketImpl.doConnect(AbstractPlainSocketImpl.java:350) ~[na:1.8.0_131]
	at java.net.AbstractPlainSocketImpl.connectToAddress(AbstractPlainSocketImpl.java:206) ~[na:1.8.0_131]
	at java.net.AbstractPlainSocketImpl.connect(AbstractPlainSocketImpl.java:188) ~[na:1.8.0_131]
	at java.net.SocksSocketImpl.connect(SocksSocketImpl.java:392) ~[na:1.8.0_131]
	at java.net.Socket.connect(Socket.java:589) ~[na:1.8.0_131]
	at com.mongodb.connection.SocketStreamHelper.initialize(SocketStreamHelper.java:57) ~[mongodb-driver-core-3.4.2.jar:na]
	at com.mongodb.connection.SocketStream.open(SocketStream.java:58) ~[mongodb-driver-core-3.4.2.jar:na]
	... 3 common frames omitted

2017-10-30 10:46:55.888  WARN 6766 --- [main] c.n.c.sources.URLConfigurationSource     : No URLs will be polled as dynamic configuration sources.
2017-10-30 10:46:55.888  INFO 6766 --- [main] c.n.c.sources.URLConfigurationSource     : To enable URLs as dynamic configuration sources, define System property archaius.configurationSource.additionalUrls or make config.properties available on classpath.
2017-10-30 10:46:55.891  WARN 6766 --- [main] c.n.c.sources.URLConfigurationSource     : No URLs will be polled as dynamic configuration sources.
2017-10-30 10:46:55.892  INFO 6766 --- [main] c.n.c.sources.URLConfigurationSource     : To enable URLs as dynamic configuration sources, define System property archaius.configurationSource.additionalUrls or make config.properties available on classpath.
2017-10-30 10:46:55.949  INFO 6766 --- [main] o.s.j.e.a.AnnotationMBeanExporter        : Registering beans for JMX exposure on startup
2017-10-30 10:46:55.954  INFO 6766 --- [main] o.s.j.e.a.AnnotationMBeanExporter        : Bean with name 'refreshScope' has been autodetected for JMX exposure
2017-10-30 10:46:55.955  INFO 6766 --- [main] o.s.j.e.a.AnnotationMBeanExporter        : Bean with name 'environmentManager' has been autodetected for JMX exposure
2017-10-30 10:46:55.956  INFO 6766 --- [main] o.s.j.e.a.AnnotationMBeanExporter        : Bean with name 'configurationPropertiesRebinder' has been autodetected for JMX exposure
2017-10-30 10:46:55.958  INFO 6766 --- [main] o.s.j.e.a.AnnotationMBeanExporter        : Located managed bean 'environmentManager': registering with JMX server as MBean [org.springframework.cloud.context.environment:name=environmentManager,type=EnvironmentManager]
2017-10-30 10:46:55.967  INFO 6766 --- [main] o.s.j.e.a.AnnotationMBeanExporter        : Located managed bean 'refreshScope': registering with JMX server as MBean [org.springframework.cloud.context.scope.refresh:name=refreshScope,type=RefreshScope]
2017-10-30 10:46:55.975  INFO 6766 --- [main] o.s.j.e.a.AnnotationMBeanExporter        : Located managed bean 'configurationPropertiesRebinder': registering with JMX server as MBean [org.springframework.cloud.context.properties:name=configurationPropertiesRebinder,context=561868a0,type=ConfigurationPropertiesRebinder]
2017-10-30 10:46:56.116  INFO 6766 --- [main] o.s.c.support.DefaultLifecycleProcessor  : Starting beans in phase 0
2017-10-30 10:46:56.124  INFO 6766 --- [main] o.a.k.clients.consumer.ConsumerConfig    : ConsumerConfig values: 
	auto.commit.interval.ms = 5000
	auto.offset.reset = latest
	bootstrap.servers = [localhost:9092]
	check.crcs = true
	client.id = 
	connections.max.idle.ms = 540000
	enable.auto.commit = true
	exclude.internal.topics = true
	fetch.max.bytes = 52428800
	fetch.max.wait.ms = 500
	fetch.min.bytes = 1
	group.id = trigger1
	heartbeat.interval.ms = 3000
	interceptor.classes = null
	key.deserializer = class org.apache.kafka.common.serialization.StringDeserializer
	max.partition.fetch.bytes = 1048576
	max.poll.interval.ms = 300000
	max.poll.records = 500
	metadata.max.age.ms = 300000
	metric.reporters = []
	metrics.num.samples = 2
	metrics.sample.window.ms = 30000
	partition.assignment.strategy = [class org.apache.kafka.clients.consumer.RangeAssignor]
	receive.buffer.bytes = 65536
	reconnect.backoff.ms = 50
	request.timeout.ms = 305000
	retry.backoff.ms = 100
	sasl.kerberos.kinit.cmd = /usr/bin/kinit
	sasl.kerberos.min.time.before.relogin = 60000
	sasl.kerberos.service.name = null
	sasl.kerberos.ticket.renew.jitter = 0.05
	sasl.kerberos.ticket.renew.window.factor = 0.8
	sasl.mechanism = GSSAPI
	security.protocol = PLAINTEXT
	send.buffer.bytes = 131072
	session.timeout.ms = 10000
	ssl.cipher.suites = null
	ssl.enabled.protocols = [TLSv1.2, TLSv1.1, TLSv1]
	ssl.endpoint.identification.algorithm = null
	ssl.key.password = null
	ssl.keymanager.algorithm = SunX509
	ssl.keystore.location = null
	ssl.keystore.password = null
	ssl.keystore.type = JKS
	ssl.protocol = TLS
	ssl.provider = null
	ssl.secure.random.implementation = null
	ssl.trustmanager.algorithm = PKIX
	ssl.truststore.location = null
	ssl.truststore.password = null
	ssl.truststore.type = JKS
	value.deserializer = class org.springframework.kafka.support.serializer.JsonDeserializer

2017-10-30 10:46:56.127  INFO 6766 --- [main] o.a.k.clients.consumer.ConsumerConfig    : ConsumerConfig values: 
	auto.commit.interval.ms = 5000
	auto.offset.reset = latest
	bootstrap.servers = [localhost:9092]
	check.crcs = true
	client.id = consumer-1
	connections.max.idle.ms = 540000
	enable.auto.commit = true
	exclude.internal.topics = true
	fetch.max.bytes = 52428800
	fetch.max.wait.ms = 500
	fetch.min.bytes = 1
	group.id = trigger1
	heartbeat.interval.ms = 3000
	interceptor.classes = null
	key.deserializer = class org.apache.kafka.common.serialization.StringDeserializer
	max.partition.fetch.bytes = 1048576
	max.poll.interval.ms = 300000
	max.poll.records = 500
	metadata.max.age.ms = 300000
	metric.reporters = []
	metrics.num.samples = 2
	metrics.sample.window.ms = 30000
	partition.assignment.strategy = [class org.apache.kafka.clients.consumer.RangeAssignor]
	receive.buffer.bytes = 65536
	reconnect.backoff.ms = 50
	request.timeout.ms = 305000
	retry.backoff.ms = 100
	sasl.kerberos.kinit.cmd = /usr/bin/kinit
	sasl.kerberos.min.time.before.relogin = 60000
	sasl.kerberos.service.name = null
	sasl.kerberos.ticket.renew.jitter = 0.05
	sasl.kerberos.ticket.renew.window.factor = 0.8
	sasl.mechanism = GSSAPI
	security.protocol = PLAINTEXT
	send.buffer.bytes = 131072
	session.timeout.ms = 10000
	ssl.cipher.suites = null
	ssl.enabled.protocols = [TLSv1.2, TLSv1.1, TLSv1]
	ssl.endpoint.identification.algorithm = null
	ssl.key.password = null
	ssl.keymanager.algorithm = SunX509
	ssl.keystore.location = null
	ssl.keystore.password = null
	ssl.keystore.type = JKS
	ssl.protocol = TLS
	ssl.provider = null
	ssl.secure.random.implementation = null
	ssl.trustmanager.algorithm = PKIX
	ssl.truststore.location = null
	ssl.truststore.password = null
	ssl.truststore.type = JKS
	value.deserializer = class org.springframework.kafka.support.serializer.JsonDeserializer

2017-10-30 10:46:56.144  INFO 6766 --- [main] o.a.kafka.common.utils.AppInfoParser     : Kafka version : 0.10.1.1
2017-10-30 10:46:56.145  INFO 6766 --- [main] o.a.kafka.common.utils.AppInfoParser     : Kafka commitId : f10ef2720b03b247
2017-10-30 10:46:56.151  INFO 6766 --- [main] o.s.c.n.eureka.InstanceInfoFactory       : Setting initial instance status as: STARTING
2017-10-30 10:46:56.364  INFO 6766 --- [main] c.n.d.provider.DiscoveryJerseyProvider   : Using JSON encoding codec LegacyJacksonJson
2017-10-30 10:46:56.365  INFO 6766 --- [main] c.n.d.provider.DiscoveryJerseyProvider   : Using JSON decoding codec LegacyJacksonJson
2017-10-30 10:46:56.435  INFO 6766 --- [main] c.n.d.provider.DiscoveryJerseyProvider   : Using XML encoding codec XStreamXml
2017-10-30 10:46:56.435  INFO 6766 --- [main] c.n.d.provider.DiscoveryJerseyProvider   : Using XML decoding codec XStreamXml
2017-10-30 10:46:56.563  INFO 6766 --- [main] c.n.d.s.r.aws.ConfigClusterResolver      : Resolving eureka endpoints via configuration
2017-10-30 10:46:56.576  INFO 6766 --- [main] com.netflix.discovery.DiscoveryClient    : Disable delta property : false
2017-10-30 10:46:56.576  INFO 6766 --- [main] com.netflix.discovery.DiscoveryClient    : Single vip registry refresh property : null
2017-10-30 10:46:56.576  INFO 6766 --- [main] com.netflix.discovery.DiscoveryClient    : Force full registry fetch : false
2017-10-30 10:46:56.576  INFO 6766 --- [main] com.netflix.discovery.DiscoveryClient    : Application is null : false
2017-10-30 10:46:56.576  INFO 6766 --- [main] com.netflix.discovery.DiscoveryClient    : Registered Applications size is zero : true
2017-10-30 10:46:56.576  INFO 6766 --- [main] com.netflix.discovery.DiscoveryClient    : Application version is -1: true
2017-10-30 10:46:56.576  INFO 6766 --- [main] com.netflix.discovery.DiscoveryClient    : Getting all instance registry info from the eureka server
2017-10-30 10:46:56.794  INFO 6766 --- [main] com.netflix.discovery.DiscoveryClient    : The response status is 200
2017-10-30 10:46:56.796  INFO 6766 --- [main] com.netflix.discovery.DiscoveryClient    : Starting heartbeat executor: renew interval is: 30
2017-10-30 10:46:56.798  INFO 6766 --- [main] c.n.discovery.InstanceInfoReplicator     : InstanceInfoReplicator onDemand update allowed rate per min is 4
2017-10-30 10:46:56.801  INFO 6766 --- [main] com.netflix.discovery.DiscoveryClient    : Discovery Client initialized at timestamp 1509340616800 with initial instances count: 4
2017-10-30 10:46:56.815  INFO 6766 --- [main] c.n.e.EurekaDiscoveryClientConfiguration : Registering application svnfunctionality with eureka with status UP
2017-10-30 10:46:56.816  INFO 6766 --- [main] com.netflix.discovery.DiscoveryClient    : Saw local status change event StatusChangeEvent [timestamp=1509340616816, current=UP, previous=STARTING]
2017-10-30 10:46:56.817  INFO 6766 --- [DiscoveryClient-InstanceInfoReplicator-0] com.netflix.discovery.DiscoveryClient    : DiscoveryClient_SVNFUNCTIONALITY/172.23.238.167:svnfunctionality:9001: registering service...
2017-10-30 10:46:56.842  INFO 6766 --- [main] s.b.c.e.t.TomcatEmbeddedServletContainer : Tomcat started on port(s): 9001 (http)
2017-10-30 10:46:56.842  INFO 6766 --- [main] c.n.e.EurekaDiscoveryClientConfiguration : Updating port to 9001
2017-10-30 10:46:56.845  INFO 6766 --- [main] com.stackroute.application.Application   : Started Application in 3.74 seconds (JVM running for 4.157)
2017-10-30 10:46:56.851  INFO 6766 --- [DiscoveryClient-InstanceInfoReplicator-0] com.netflix.discovery.DiscoveryClient    : DiscoveryClient_SVNFUNCTIONALITY/172.23.238.167:svnfunctionality:9001 - registration status: 204
2017-10-30 10:47:09.981  INFO 6766 --- [RMI TCP Connection(2)-127.0.0.1] inMXBeanRegistrar$SpringApplicationAdmin : Application shutdown requested.
2017-10-30 10:47:09.981  INFO 6766 --- [RMI TCP Connection(2)-127.0.0.1] ationConfigEmbeddedWebApplicationContext : Closing org.springframework.boot.context.embedded.AnnotationConfigEmbeddedWebApplicationContext@561868a0: startup date [Mon Oct 30 10:46:53 IST 2017]; parent: org.springframework.context.annotation.AnnotationConfigApplicationContext@6d763516
2017-10-30 10:47:09.982  INFO 6766 --- [RMI TCP Connection(2)-127.0.0.1] c.n.e.EurekaDiscoveryClientConfiguration : Unregistering application svnfunctionality with eureka with status DOWN
2017-10-30 10:47:09.982  WARN 6766 --- [RMI TCP Connection(2)-127.0.0.1] com.netflix.discovery.DiscoveryClient    : Saw local status change event StatusChangeEvent [timestamp=1509340629982, current=DOWN, previous=UP]
2017-10-30 10:47:09.982  INFO 6766 --- [DiscoveryClient-InstanceInfoReplicator-0] com.netflix.discovery.DiscoveryClient    : DiscoveryClient_SVNFUNCTIONALITY/172.23.238.167:svnfunctionality:9001: registering service...
2017-10-30 10:47:09.982  INFO 6766 --- [RMI TCP Connection(2)-127.0.0.1] com.netflix.discovery.DiscoveryClient    : Shutting down DiscoveryClient ...
2017-10-30 10:47:09.983  INFO 6766 --- [RMI TCP Connection(2)-127.0.0.1] com.netflix.discovery.DiscoveryClient    : Unregistering ...
2017-10-30 10:47:10.083  INFO 6766 --- [DiscoveryClient-InstanceInfoReplicator-0] com.netflix.discovery.DiscoveryClient    : DiscoveryClient_SVNFUNCTIONALITY/172.23.238.167:svnfunctionality:9001 - registration status: 204
2017-10-30 10:47:10.099  INFO 6766 --- [RMI TCP Connection(2)-127.0.0.1] com.netflix.discovery.DiscoveryClient    : DiscoveryClient_SVNFUNCTIONALITY/172.23.238.167:svnfunctionality:9001 - deregister  status: 200
2017-10-30 10:47:10.132  INFO 6766 --- [RMI TCP Connection(2)-127.0.0.1] com.netflix.discovery.DiscoveryClient    : Completed shut down of DiscoveryClient
2017-10-30 10:47:10.135  INFO 6766 --- [RMI TCP Connection(2)-127.0.0.1] o.s.c.support.DefaultLifecycleProcessor  : Stopping beans in phase 0
2017-10-30 10:47:10.141  INFO 6766 --- [org.springframework.kafka.KafkaListenerEndpointContainer#0-0-kafka-consumer-1] essageListenerContainer$ListenerConsumer : Consumer stopped
2017-10-30 10:47:10.148  INFO 6766 --- [RMI TCP Connection(2)-127.0.0.1] o.s.j.e.a.AnnotationMBeanExporter        : Unregistering JMX-exposed beans on shutdown
2017-10-30 10:47:10.148  INFO 6766 --- [RMI TCP Connection(2)-127.0.0.1] o.s.j.e.a.AnnotationMBeanExporter        : Unregistering JMX-exposed beans
2017-10-30 10:47:10.201  INFO 6766 --- [RMI TCP Connection(2)-127.0.0.1] o.apache.catalina.core.StandardService   : Stopping service Tomcat
2017-10-30 10:49:14.493  INFO 6970 --- [main] com.stackroute.application.Application   : No active profile set, falling back to default profiles: default
2017-10-30 10:49:14.515  INFO 6970 --- [main] ationConfigEmbeddedWebApplicationContext : Refreshing org.springframework.boot.context.embedded.AnnotationConfigEmbeddedWebApplicationContext@561868a0: startup date [Mon Oct 30 10:49:14 IST 2017]; parent: org.springframework.context.annotation.AnnotationConfigApplicationContext@6d763516
2017-10-30 10:49:15.014  WARN 6970 --- [main] o.s.c.a.ConfigurationClassPostProcessor  : Cannot enhance @Configuration bean definition 'refreshScope' since its singleton instance has been created too early. The typical cause is a non-static @Bean method with a BeanDefinitionRegistryPostProcessor return type: Consider declaring such methods as 'static'.
2017-10-30 10:49:15.111  INFO 6970 --- [main] o.s.cloud.context.scope.GenericScope     : BeanFactory id=3ffef6dd-19e3-3ba5-80a9-9ef4d6c626f2
2017-10-30 10:49:15.133  INFO 6970 --- [main] f.a.AutowiredAnnotationBeanPostProcessor : JSR-330 'javax.inject.Inject' annotation found and supported for autowiring
2017-10-30 10:49:15.162  INFO 6970 --- [main] trationDelegate$BeanPostProcessorChecker : Bean 'org.springframework.kafka.annotation.KafkaBootstrapConfiguration' of type [org.springframework.kafka.annotation.KafkaBootstrapConfiguration$$EnhancerBySpringCGLIB$$302044f1] is not eligible for getting processed by all BeanPostProcessors (for example: not eligible for auto-proxying)
2017-10-30 10:49:15.282  INFO 6970 --- [main] trationDelegate$BeanPostProcessorChecker : Bean 'org.springframework.cloud.autoconfigure.ConfigurationPropertiesRebinderAutoConfiguration' of type [org.springframework.cloud.autoconfigure.ConfigurationPropertiesRebinderAutoConfiguration$$EnhancerBySpringCGLIB$$7888366b] is not eligible for getting processed by all BeanPostProcessors (for example: not eligible for auto-proxying)
2017-10-30 10:49:15.533  INFO 6970 --- [main] s.b.c.e.t.TomcatEmbeddedServletContainer : Tomcat initialized with port(s): 9001 (http)
2017-10-30 10:49:15.541  INFO 6970 --- [main] o.apache.catalina.core.StandardService   : Starting service Tomcat
2017-10-30 10:49:15.541  INFO 6970 --- [main] org.apache.catalina.core.StandardEngine  : Starting Servlet Engine: Apache Tomcat/8.5.11
2017-10-30 10:49:15.617  INFO 6970 --- [localhost-startStop-1] o.a.c.c.C.[Tomcat].[localhost].[/]       : Initializing Spring embedded WebApplicationContext
2017-10-30 10:49:15.617  INFO 6970 --- [localhost-startStop-1] o.s.web.context.ContextLoader            : Root WebApplicationContext: initialization completed in 1102 ms
2017-10-30 10:49:15.720  INFO 6970 --- [localhost-startStop-1] o.s.b.w.servlet.ServletRegistrationBean  : Mapping servlet: 'dispatcherServlet' to [/]
2017-10-30 10:49:15.723  INFO 6970 --- [localhost-startStop-1] o.s.b.w.servlet.FilterRegistrationBean   : Mapping filter: 'characterEncodingFilter' to: [/*]
2017-10-30 10:49:15.724  INFO 6970 --- [localhost-startStop-1] o.s.b.w.servlet.FilterRegistrationBean   : Mapping filter: 'hiddenHttpMethodFilter' to: [/*]
2017-10-30 10:49:15.724  INFO 6970 --- [localhost-startStop-1] o.s.b.w.servlet.FilterRegistrationBean   : Mapping filter: 'httpPutFormContentFilter' to: [/*]
2017-10-30 10:49:15.724  INFO 6970 --- [localhost-startStop-1] o.s.b.w.servlet.FilterRegistrationBean   : Mapping filter: 'requestContextFilter' to: [/*]
2017-10-30 10:49:16.235  INFO 6970 --- [main] s.w.s.m.m.a.RequestMappingHandlerAdapter : Looking for @ControllerAdvice: org.springframework.boot.context.embedded.AnnotationConfigEmbeddedWebApplicationContext@561868a0: startup date [Mon Oct 30 10:49:14 IST 2017]; parent: org.springframework.context.annotation.AnnotationConfigApplicationContext@6d763516
2017-10-30 10:49:16.273  INFO 6970 --- [main] s.w.s.m.m.a.RequestMappingHandlerMapping : Mapped "{[/error],produces=[text/html]}" onto public org.springframework.web.servlet.ModelAndView org.springframework.boot.autoconfigure.web.BasicErrorController.errorHtml(javax.servlet.http.HttpServletRequest,javax.servlet.http.HttpServletResponse)
2017-10-30 10:49:16.274  INFO 6970 --- [main] s.w.s.m.m.a.RequestMappingHandlerMapping : Mapped "{[/error]}" onto public org.springframework.http.ResponseEntity<java.util.Map<java.lang.String, java.lang.Object>> org.springframework.boot.autoconfigure.web.BasicErrorController.error(javax.servlet.http.HttpServletRequest)
2017-10-30 10:49:16.302  INFO 6970 --- [main] o.s.w.s.handler.SimpleUrlHandlerMapping  : Mapped URL path [/webjars/**] onto handler of type [class org.springframework.web.servlet.resource.ResourceHttpRequestHandler]
2017-10-30 10:49:16.302  INFO 6970 --- [main] o.s.w.s.handler.SimpleUrlHandlerMapping  : Mapped URL path [/**] onto handler of type [class org.springframework.web.servlet.resource.ResourceHttpRequestHandler]
2017-10-30 10:49:16.317  INFO 6970 --- [main] .m.m.a.ExceptionHandlerExceptionResolver : Detected @ExceptionHandler methods in exceptionHandlingController
2017-10-30 10:49:16.335  INFO 6970 --- [main] o.s.w.s.handler.SimpleUrlHandlerMapping  : Mapped URL path [/**/favicon.ico] onto handler of type [class org.springframework.web.servlet.resource.ResourceHttpRequestHandler]
2017-10-30 10:49:16.575  INFO 6970 --- [main] org.mongodb.driver.cluster               : Cluster created with settings {hosts=[localhost:27017], mode=SINGLE, requiredClusterType=UNKNOWN, serverSelectionTimeout='30000 ms', maxWaitQueueSize=500}
2017-10-30 10:49:16.599  INFO 6970 --- [cluster-ClusterId{value='59f6b654d814581b3ab818e8', description='null'}-localhost:27017] org.mongodb.driver.cluster               : Exception in monitor thread while connecting to server localhost:27017

com.mongodb.MongoSocketOpenException: Exception opening socket
	at com.mongodb.connection.SocketStream.open(SocketStream.java:63) ~[mongodb-driver-core-3.4.2.jar:na]
	at com.mongodb.connection.InternalStreamConnection.open(InternalStreamConnection.java:115) ~[mongodb-driver-core-3.4.2.jar:na]
	at com.mongodb.connection.DefaultServerMonitor$ServerMonitorRunnable.run(DefaultServerMonitor.java:113) ~[mongodb-driver-core-3.4.2.jar:na]
	at java.lang.Thread.run(Thread.java:748) [na:1.8.0_131]
Caused by: java.net.ConnectException: Connection refused (Connection refused)
	at java.net.PlainSocketImpl.socketConnect(Native Method) ~[na:1.8.0_131]
	at java.net.AbstractPlainSocketImpl.doConnect(AbstractPlainSocketImpl.java:350) ~[na:1.8.0_131]
	at java.net.AbstractPlainSocketImpl.connectToAddress(AbstractPlainSocketImpl.java:206) ~[na:1.8.0_131]
	at java.net.AbstractPlainSocketImpl.connect(AbstractPlainSocketImpl.java:188) ~[na:1.8.0_131]
	at java.net.SocksSocketImpl.connect(SocksSocketImpl.java:392) ~[na:1.8.0_131]
	at java.net.Socket.connect(Socket.java:589) ~[na:1.8.0_131]
	at com.mongodb.connection.SocketStreamHelper.initialize(SocketStreamHelper.java:57) ~[mongodb-driver-core-3.4.2.jar:na]
	at com.mongodb.connection.SocketStream.open(SocketStream.java:58) ~[mongodb-driver-core-3.4.2.jar:na]
	... 3 common frames omitted

2017-10-30 10:49:16.919  WARN 6970 --- [main] c.n.c.sources.URLConfigurationSource     : No URLs will be polled as dynamic configuration sources.
2017-10-30 10:49:16.919  INFO 6970 --- [main] c.n.c.sources.URLConfigurationSource     : To enable URLs as dynamic configuration sources, define System property archaius.configurationSource.additionalUrls or make config.properties available on classpath.
2017-10-30 10:49:16.925  WARN 6970 --- [main] c.n.c.sources.URLConfigurationSource     : No URLs will be polled as dynamic configuration sources.
2017-10-30 10:49:16.925  INFO 6970 --- [main] c.n.c.sources.URLConfigurationSource     : To enable URLs as dynamic configuration sources, define System property archaius.configurationSource.additionalUrls or make config.properties available on classpath.
2017-10-30 10:49:17.009  INFO 6970 --- [main] o.s.j.e.a.AnnotationMBeanExporter        : Registering beans for JMX exposure on startup
2017-10-30 10:49:17.017  INFO 6970 --- [main] o.s.j.e.a.AnnotationMBeanExporter        : Bean with name 'refreshScope' has been autodetected for JMX exposure
2017-10-30 10:49:17.018  INFO 6970 --- [main] o.s.j.e.a.AnnotationMBeanExporter        : Bean with name 'environmentManager' has been autodetected for JMX exposure
2017-10-30 10:49:17.020  INFO 6970 --- [main] o.s.j.e.a.AnnotationMBeanExporter        : Bean with name 'configurationPropertiesRebinder' has been autodetected for JMX exposure
2017-10-30 10:49:17.022  INFO 6970 --- [main] o.s.j.e.a.AnnotationMBeanExporter        : Located managed bean 'environmentManager': registering with JMX server as MBean [org.springframework.cloud.context.environment:name=environmentManager,type=EnvironmentManager]
2017-10-30 10:49:17.039  INFO 6970 --- [main] o.s.j.e.a.AnnotationMBeanExporter        : Located managed bean 'refreshScope': registering with JMX server as MBean [org.springframework.cloud.context.scope.refresh:name=refreshScope,type=RefreshScope]
2017-10-30 10:49:17.054  INFO 6970 --- [main] o.s.j.e.a.AnnotationMBeanExporter        : Located managed bean 'configurationPropertiesRebinder': registering with JMX server as MBean [org.springframework.cloud.context.properties:name=configurationPropertiesRebinder,context=561868a0,type=ConfigurationPropertiesRebinder]
2017-10-30 10:49:17.249  INFO 6970 --- [main] o.s.c.support.DefaultLifecycleProcessor  : Starting beans in phase 0
2017-10-30 10:49:17.262  INFO 6970 --- [main] o.a.k.clients.consumer.ConsumerConfig    : ConsumerConfig values: 
	auto.commit.interval.ms = 5000
	auto.offset.reset = latest
	bootstrap.servers = [localhost:9092]
	check.crcs = true
	client.id = 
	connections.max.idle.ms = 540000
	enable.auto.commit = true
	exclude.internal.topics = true
	fetch.max.bytes = 52428800
	fetch.max.wait.ms = 500
	fetch.min.bytes = 1
	group.id = trigger1
	heartbeat.interval.ms = 3000
	interceptor.classes = null
	key.deserializer = class org.apache.kafka.common.serialization.StringDeserializer
	max.partition.fetch.bytes = 1048576
	max.poll.interval.ms = 300000
	max.poll.records = 500
	metadata.max.age.ms = 300000
	metric.reporters = []
	metrics.num.samples = 2
	metrics.sample.window.ms = 30000
	partition.assignment.strategy = [class org.apache.kafka.clients.consumer.RangeAssignor]
	receive.buffer.bytes = 65536
	reconnect.backoff.ms = 50
	request.timeout.ms = 305000
	retry.backoff.ms = 100
	sasl.kerberos.kinit.cmd = /usr/bin/kinit
	sasl.kerberos.min.time.before.relogin = 60000
	sasl.kerberos.service.name = null
	sasl.kerberos.ticket.renew.jitter = 0.05
	sasl.kerberos.ticket.renew.window.factor = 0.8
	sasl.mechanism = GSSAPI
	security.protocol = PLAINTEXT
	send.buffer.bytes = 131072
	session.timeout.ms = 10000
	ssl.cipher.suites = null
	ssl.enabled.protocols = [TLSv1.2, TLSv1.1, TLSv1]
	ssl.endpoint.identification.algorithm = null
	ssl.key.password = null
	ssl.keymanager.algorithm = SunX509
	ssl.keystore.location = null
	ssl.keystore.password = null
	ssl.keystore.type = JKS
	ssl.protocol = TLS
	ssl.provider = null
	ssl.secure.random.implementation = null
	ssl.trustmanager.algorithm = PKIX
	ssl.truststore.location = null
	ssl.truststore.password = null
	ssl.truststore.type = JKS
	value.deserializer = class org.springframework.kafka.support.serializer.JsonDeserializer

2017-10-30 10:49:17.267  INFO 6970 --- [main] o.a.k.clients.consumer.ConsumerConfig    : ConsumerConfig values: 
	auto.commit.interval.ms = 5000
	auto.offset.reset = latest
	bootstrap.servers = [localhost:9092]
	check.crcs = true
	client.id = consumer-1
	connections.max.idle.ms = 540000
	enable.auto.commit = true
	exclude.internal.topics = true
	fetch.max.bytes = 52428800
	fetch.max.wait.ms = 500
	fetch.min.bytes = 1
	group.id = trigger1
	heartbeat.interval.ms = 3000
	interceptor.classes = null
	key.deserializer = class org.apache.kafka.common.serialization.StringDeserializer
	max.partition.fetch.bytes = 1048576
	max.poll.interval.ms = 300000
	max.poll.records = 500
	metadata.max.age.ms = 300000
	metric.reporters = []
	metrics.num.samples = 2
	metrics.sample.window.ms = 30000
	partition.assignment.strategy = [class org.apache.kafka.clients.consumer.RangeAssignor]
	receive.buffer.bytes = 65536
	reconnect.backoff.ms = 50
	request.timeout.ms = 305000
	retry.backoff.ms = 100
	sasl.kerberos.kinit.cmd = /usr/bin/kinit
	sasl.kerberos.min.time.before.relogin = 60000
	sasl.kerberos.service.name = null
	sasl.kerberos.ticket.renew.jitter = 0.05
	sasl.kerberos.ticket.renew.window.factor = 0.8
	sasl.mechanism = GSSAPI
	security.protocol = PLAINTEXT
	send.buffer.bytes = 131072
	session.timeout.ms = 10000
	ssl.cipher.suites = null
	ssl.enabled.protocols = [TLSv1.2, TLSv1.1, TLSv1]
	ssl.endpoint.identification.algorithm = null
	ssl.key.password = null
	ssl.keymanager.algorithm = SunX509
	ssl.keystore.location = null
	ssl.keystore.password = null
	ssl.keystore.type = JKS
	ssl.protocol = TLS
	ssl.provider = null
	ssl.secure.random.implementation = null
	ssl.trustmanager.algorithm = PKIX
	ssl.truststore.location = null
	ssl.truststore.password = null
	ssl.truststore.type = JKS
	value.deserializer = class org.springframework.kafka.support.serializer.JsonDeserializer

2017-10-30 10:49:17.289  INFO 6970 --- [main] o.a.kafka.common.utils.AppInfoParser     : Kafka version : 0.10.1.1
2017-10-30 10:49:17.289  INFO 6970 --- [main] o.a.kafka.common.utils.AppInfoParser     : Kafka commitId : f10ef2720b03b247
2017-10-30 10:49:17.298  INFO 6970 --- [main] o.s.c.n.eureka.InstanceInfoFactory       : Setting initial instance status as: STARTING
2017-10-30 10:49:17.505  INFO 6970 --- [main] c.n.d.provider.DiscoveryJerseyProvider   : Using JSON encoding codec LegacyJacksonJson
2017-10-30 10:49:17.506  INFO 6970 --- [main] c.n.d.provider.DiscoveryJerseyProvider   : Using JSON decoding codec LegacyJacksonJson
2017-10-30 10:49:17.577  INFO 6970 --- [main] c.n.d.provider.DiscoveryJerseyProvider   : Using XML encoding codec XStreamXml
2017-10-30 10:49:17.577  INFO 6970 --- [main] c.n.d.provider.DiscoveryJerseyProvider   : Using XML decoding codec XStreamXml
2017-10-30 10:49:17.712  INFO 6970 --- [main] c.n.d.s.r.aws.ConfigClusterResolver      : Resolving eureka endpoints via configuration
2017-10-30 10:49:17.727  INFO 6970 --- [main] com.netflix.discovery.DiscoveryClient    : Disable delta property : false
2017-10-30 10:49:17.727  INFO 6970 --- [main] com.netflix.discovery.DiscoveryClient    : Single vip registry refresh property : null
2017-10-30 10:49:17.727  INFO 6970 --- [main] com.netflix.discovery.DiscoveryClient    : Force full registry fetch : false
2017-10-30 10:49:17.727  INFO 6970 --- [main] com.netflix.discovery.DiscoveryClient    : Application is null : false
2017-10-30 10:49:17.727  INFO 6970 --- [main] com.netflix.discovery.DiscoveryClient    : Registered Applications size is zero : true
2017-10-30 10:49:17.728  INFO 6970 --- [main] com.netflix.discovery.DiscoveryClient    : Application version is -1: true
2017-10-30 10:49:17.728  INFO 6970 --- [main] com.netflix.discovery.DiscoveryClient    : Getting all instance registry info from the eureka server
2017-10-30 10:49:17.864  INFO 6970 --- [main] com.netflix.discovery.DiscoveryClient    : The response status is 200
2017-10-30 10:49:17.866  INFO 6970 --- [main] com.netflix.discovery.DiscoveryClient    : Starting heartbeat executor: renew interval is: 30
2017-10-30 10:49:17.868  INFO 6970 --- [main] c.n.discovery.InstanceInfoReplicator     : InstanceInfoReplicator onDemand update allowed rate per min is 4
2017-10-30 10:49:17.871  INFO 6970 --- [main] com.netflix.discovery.DiscoveryClient    : Discovery Client initialized at timestamp 1509340757871 with initial instances count: 3
2017-10-30 10:49:17.888  INFO 6970 --- [main] c.n.e.EurekaDiscoveryClientConfiguration : Registering application svnfunctionality with eureka with status UP
2017-10-30 10:49:17.889  INFO 6970 --- [main] com.netflix.discovery.DiscoveryClient    : Saw local status change event StatusChangeEvent [timestamp=1509340757889, current=UP, previous=STARTING]
2017-10-30 10:49:17.891  INFO 6970 --- [DiscoveryClient-InstanceInfoReplicator-0] com.netflix.discovery.DiscoveryClient    : DiscoveryClient_SVNFUNCTIONALITY/172.23.238.167:svnfunctionality:9001: registering service...
2017-10-30 10:49:17.941  INFO 6970 --- [main] s.b.c.e.t.TomcatEmbeddedServletContainer : Tomcat started on port(s): 9001 (http)
2017-10-30 10:49:17.942  INFO 6970 --- [main] c.n.e.EurekaDiscoveryClientConfiguration : Updating port to 9001
2017-10-30 10:49:17.945  INFO 6970 --- [main] com.stackroute.application.Application   : Started Application in 4.234 seconds (JVM running for 4.576)
2017-10-30 10:49:18.072  INFO 6970 --- [DiscoveryClient-InstanceInfoReplicator-0] com.netflix.discovery.DiscoveryClient    : DiscoveryClient_SVNFUNCTIONALITY/172.23.238.167:svnfunctionality:9001 - registration status: 204
2017-10-30 10:49:57.117  INFO 7029 --- [main] com.stackroute.application.Application   : No active profile set, falling back to default profiles: default
2017-10-30 10:49:57.131  INFO 7029 --- [main] ationConfigEmbeddedWebApplicationContext : Refreshing org.springframework.boot.context.embedded.AnnotationConfigEmbeddedWebApplicationContext@561868a0: startup date [Mon Oct 30 10:49:57 IST 2017]; parent: org.springframework.context.annotation.AnnotationConfigApplicationContext@6d763516
2017-10-30 10:49:57.617  WARN 7029 --- [main] o.s.c.a.ConfigurationClassPostProcessor  : Cannot enhance @Configuration bean definition 'refreshScope' since its singleton instance has been created too early. The typical cause is a non-static @Bean method with a BeanDefinitionRegistryPostProcessor return type: Consider declaring such methods as 'static'.
2017-10-30 10:49:57.692  INFO 7029 --- [main] o.s.cloud.context.scope.GenericScope     : BeanFactory id=3ffef6dd-19e3-3ba5-80a9-9ef4d6c626f2
2017-10-30 10:49:57.705  INFO 7029 --- [main] f.a.AutowiredAnnotationBeanPostProcessor : JSR-330 'javax.inject.Inject' annotation found and supported for autowiring
2017-10-30 10:49:57.721  INFO 7029 --- [main] trationDelegate$BeanPostProcessorChecker : Bean 'org.springframework.kafka.annotation.KafkaBootstrapConfiguration' of type [org.springframework.kafka.annotation.KafkaBootstrapConfiguration$$EnhancerBySpringCGLIB$$302044f1] is not eligible for getting processed by all BeanPostProcessors (for example: not eligible for auto-proxying)
2017-10-30 10:49:57.788  INFO 7029 --- [main] trationDelegate$BeanPostProcessorChecker : Bean 'org.springframework.cloud.autoconfigure.ConfigurationPropertiesRebinderAutoConfiguration' of type [org.springframework.cloud.autoconfigure.ConfigurationPropertiesRebinderAutoConfiguration$$EnhancerBySpringCGLIB$$7888366b] is not eligible for getting processed by all BeanPostProcessors (for example: not eligible for auto-proxying)
2017-10-30 10:49:57.941  INFO 7029 --- [main] s.b.c.e.t.TomcatEmbeddedServletContainer : Tomcat initialized with port(s): 9001 (http)
2017-10-30 10:49:57.948  INFO 7029 --- [main] o.apache.catalina.core.StandardService   : Starting service Tomcat
2017-10-30 10:49:57.948  INFO 7029 --- [main] org.apache.catalina.core.StandardEngine  : Starting Servlet Engine: Apache Tomcat/8.5.11
2017-10-30 10:49:58.006  INFO 7029 --- [localhost-startStop-1] o.a.c.c.C.[Tomcat].[localhost].[/]       : Initializing Spring embedded WebApplicationContext
2017-10-30 10:49:58.006  INFO 7029 --- [localhost-startStop-1] o.s.web.context.ContextLoader            : Root WebApplicationContext: initialization completed in 875 ms
2017-10-30 10:49:58.097  INFO 7029 --- [localhost-startStop-1] o.s.b.w.servlet.ServletRegistrationBean  : Mapping servlet: 'dispatcherServlet' to [/]
2017-10-30 10:49:58.101  INFO 7029 --- [localhost-startStop-1] o.s.b.w.servlet.FilterRegistrationBean   : Mapping filter: 'characterEncodingFilter' to: [/*]
2017-10-30 10:49:58.102  INFO 7029 --- [localhost-startStop-1] o.s.b.w.servlet.FilterRegistrationBean   : Mapping filter: 'hiddenHttpMethodFilter' to: [/*]
2017-10-30 10:49:58.102  INFO 7029 --- [localhost-startStop-1] o.s.b.w.servlet.FilterRegistrationBean   : Mapping filter: 'httpPutFormContentFilter' to: [/*]
2017-10-30 10:49:58.102  INFO 7029 --- [localhost-startStop-1] o.s.b.w.servlet.FilterRegistrationBean   : Mapping filter: 'requestContextFilter' to: [/*]
2017-10-30 10:49:58.532  INFO 7029 --- [main] s.w.s.m.m.a.RequestMappingHandlerAdapter : Looking for @ControllerAdvice: org.springframework.boot.context.embedded.AnnotationConfigEmbeddedWebApplicationContext@561868a0: startup date [Mon Oct 30 10:49:57 IST 2017]; parent: org.springframework.context.annotation.AnnotationConfigApplicationContext@6d763516
2017-10-30 10:49:58.581  INFO 7029 --- [main] s.w.s.m.m.a.RequestMappingHandlerMapping : Mapped "{[/error],produces=[text/html]}" onto public org.springframework.web.servlet.ModelAndView org.springframework.boot.autoconfigure.web.BasicErrorController.errorHtml(javax.servlet.http.HttpServletRequest,javax.servlet.http.HttpServletResponse)
2017-10-30 10:49:58.582  INFO 7029 --- [main] s.w.s.m.m.a.RequestMappingHandlerMapping : Mapped "{[/error]}" onto public org.springframework.http.ResponseEntity<java.util.Map<java.lang.String, java.lang.Object>> org.springframework.boot.autoconfigure.web.BasicErrorController.error(javax.servlet.http.HttpServletRequest)
2017-10-30 10:49:58.615  INFO 7029 --- [main] o.s.w.s.handler.SimpleUrlHandlerMapping  : Mapped URL path [/webjars/**] onto handler of type [class org.springframework.web.servlet.resource.ResourceHttpRequestHandler]
2017-10-30 10:49:58.616  INFO 7029 --- [main] o.s.w.s.handler.SimpleUrlHandlerMapping  : Mapped URL path [/**] onto handler of type [class org.springframework.web.servlet.resource.ResourceHttpRequestHandler]
2017-10-30 10:49:58.634  INFO 7029 --- [main] .m.m.a.ExceptionHandlerExceptionResolver : Detected @ExceptionHandler methods in exceptionHandlingController
2017-10-30 10:49:58.657  INFO 7029 --- [main] o.s.w.s.handler.SimpleUrlHandlerMapping  : Mapped URL path [/**/favicon.ico] onto handler of type [class org.springframework.web.servlet.resource.ResourceHttpRequestHandler]
2017-10-30 10:49:58.919  INFO 7029 --- [main] org.mongodb.driver.cluster               : Cluster created with settings {hosts=[localhost:27017], mode=SINGLE, requiredClusterType=UNKNOWN, serverSelectionTimeout='30000 ms', maxWaitQueueSize=500}
2017-10-30 10:49:58.949  INFO 7029 --- [cluster-ClusterId{value='59f6b67ed814581b75d4b6c8', description='null'}-localhost:27017] org.mongodb.driver.cluster               : Exception in monitor thread while connecting to server localhost:27017

com.mongodb.MongoSocketOpenException: Exception opening socket
	at com.mongodb.connection.SocketStream.open(SocketStream.java:63) ~[mongodb-driver-core-3.4.2.jar:na]
	at com.mongodb.connection.InternalStreamConnection.open(InternalStreamConnection.java:115) ~[mongodb-driver-core-3.4.2.jar:na]
	at com.mongodb.connection.DefaultServerMonitor$ServerMonitorRunnable.run(DefaultServerMonitor.java:113) ~[mongodb-driver-core-3.4.2.jar:na]
	at java.lang.Thread.run(Thread.java:748) [na:1.8.0_131]
Caused by: java.net.ConnectException: Connection refused (Connection refused)
	at java.net.PlainSocketImpl.socketConnect(Native Method) ~[na:1.8.0_131]
	at java.net.AbstractPlainSocketImpl.doConnect(AbstractPlainSocketImpl.java:350) ~[na:1.8.0_131]
	at java.net.AbstractPlainSocketImpl.connectToAddress(AbstractPlainSocketImpl.java:206) ~[na:1.8.0_131]
	at java.net.AbstractPlainSocketImpl.connect(AbstractPlainSocketImpl.java:188) ~[na:1.8.0_131]
	at java.net.SocksSocketImpl.connect(SocksSocketImpl.java:392) ~[na:1.8.0_131]
	at java.net.Socket.connect(Socket.java:589) ~[na:1.8.0_131]
	at com.mongodb.connection.SocketStreamHelper.initialize(SocketStreamHelper.java:57) ~[mongodb-driver-core-3.4.2.jar:na]
	at com.mongodb.connection.SocketStream.open(SocketStream.java:58) ~[mongodb-driver-core-3.4.2.jar:na]
	... 3 common frames omitted

2017-10-30 10:49:59.220  WARN 7029 --- [main] c.n.c.sources.URLConfigurationSource     : No URLs will be polled as dynamic configuration sources.
2017-10-30 10:49:59.220  INFO 7029 --- [main] c.n.c.sources.URLConfigurationSource     : To enable URLs as dynamic configuration sources, define System property archaius.configurationSource.additionalUrls or make config.properties available on classpath.
2017-10-30 10:49:59.225  WARN 7029 --- [main] c.n.c.sources.URLConfigurationSource     : No URLs will be polled as dynamic configuration sources.
2017-10-30 10:49:59.226  INFO 7029 --- [main] c.n.c.sources.URLConfigurationSource     : To enable URLs as dynamic configuration sources, define System property archaius.configurationSource.additionalUrls or make config.properties available on classpath.
2017-10-30 10:49:59.291  INFO 7029 --- [main] o.s.j.e.a.AnnotationMBeanExporter        : Registering beans for JMX exposure on startup
2017-10-30 10:49:59.298  INFO 7029 --- [main] o.s.j.e.a.AnnotationMBeanExporter        : Bean with name 'refreshScope' has been autodetected for JMX exposure
2017-10-30 10:49:59.299  INFO 7029 --- [main] o.s.j.e.a.AnnotationMBeanExporter        : Bean with name 'environmentManager' has been autodetected for JMX exposure
2017-10-30 10:49:59.300  INFO 7029 --- [main] o.s.j.e.a.AnnotationMBeanExporter        : Bean with name 'configurationPropertiesRebinder' has been autodetected for JMX exposure
2017-10-30 10:49:59.302  INFO 7029 --- [main] o.s.j.e.a.AnnotationMBeanExporter        : Located managed bean 'environmentManager': registering with JMX server as MBean [org.springframework.cloud.context.environment:name=environmentManager,type=EnvironmentManager]
2017-10-30 10:49:59.312  INFO 7029 --- [main] o.s.j.e.a.AnnotationMBeanExporter        : Located managed bean 'refreshScope': registering with JMX server as MBean [org.springframework.cloud.context.scope.refresh:name=refreshScope,type=RefreshScope]
2017-10-30 10:49:59.321  INFO 7029 --- [main] o.s.j.e.a.AnnotationMBeanExporter        : Located managed bean 'configurationPropertiesRebinder': registering with JMX server as MBean [org.springframework.cloud.context.properties:name=configurationPropertiesRebinder,context=561868a0,type=ConfigurationPropertiesRebinder]
2017-10-30 10:49:59.462  INFO 7029 --- [main] o.s.c.support.DefaultLifecycleProcessor  : Starting beans in phase 0
2017-10-30 10:49:59.470  INFO 7029 --- [main] o.a.k.clients.consumer.ConsumerConfig    : ConsumerConfig values: 
	auto.commit.interval.ms = 5000
	auto.offset.reset = latest
	bootstrap.servers = [localhost:9092]
	check.crcs = true
	client.id = 
	connections.max.idle.ms = 540000
	enable.auto.commit = true
	exclude.internal.topics = true
	fetch.max.bytes = 52428800
	fetch.max.wait.ms = 500
	fetch.min.bytes = 1
	group.id = trigger1
	heartbeat.interval.ms = 3000
	interceptor.classes = null
	key.deserializer = class org.apache.kafka.common.serialization.StringDeserializer
	max.partition.fetch.bytes = 1048576
	max.poll.interval.ms = 300000
	max.poll.records = 500
	metadata.max.age.ms = 300000
	metric.reporters = []
	metrics.num.samples = 2
	metrics.sample.window.ms = 30000
	partition.assignment.strategy = [class org.apache.kafka.clients.consumer.RangeAssignor]
	receive.buffer.bytes = 65536
	reconnect.backoff.ms = 50
	request.timeout.ms = 305000
	retry.backoff.ms = 100
	sasl.kerberos.kinit.cmd = /usr/bin/kinit
	sasl.kerberos.min.time.before.relogin = 60000
	sasl.kerberos.service.name = null
	sasl.kerberos.ticket.renew.jitter = 0.05
	sasl.kerberos.ticket.renew.window.factor = 0.8
	sasl.mechanism = GSSAPI
	security.protocol = PLAINTEXT
	send.buffer.bytes = 131072
	session.timeout.ms = 10000
	ssl.cipher.suites = null
	ssl.enabled.protocols = [TLSv1.2, TLSv1.1, TLSv1]
	ssl.endpoint.identification.algorithm = null
	ssl.key.password = null
	ssl.keymanager.algorithm = SunX509
	ssl.keystore.location = null
	ssl.keystore.password = null
	ssl.keystore.type = JKS
	ssl.protocol = TLS
	ssl.provider = null
	ssl.secure.random.implementation = null
	ssl.trustmanager.algorithm = PKIX
	ssl.truststore.location = null
	ssl.truststore.password = null
	ssl.truststore.type = JKS
	value.deserializer = class org.springframework.kafka.support.serializer.JsonDeserializer

2017-10-30 10:49:59.473  INFO 7029 --- [main] o.a.k.clients.consumer.ConsumerConfig    : ConsumerConfig values: 
	auto.commit.interval.ms = 5000
	auto.offset.reset = latest
	bootstrap.servers = [localhost:9092]
	check.crcs = true
	client.id = consumer-1
	connections.max.idle.ms = 540000
	enable.auto.commit = true
	exclude.internal.topics = true
	fetch.max.bytes = 52428800
	fetch.max.wait.ms = 500
	fetch.min.bytes = 1
	group.id = trigger1
	heartbeat.interval.ms = 3000
	interceptor.classes = null
	key.deserializer = class org.apache.kafka.common.serialization.StringDeserializer
	max.partition.fetch.bytes = 1048576
	max.poll.interval.ms = 300000
	max.poll.records = 500
	metadata.max.age.ms = 300000
	metric.reporters = []
	metrics.num.samples = 2
	metrics.sample.window.ms = 30000
	partition.assignment.strategy = [class org.apache.kafka.clients.consumer.RangeAssignor]
	receive.buffer.bytes = 65536
	reconnect.backoff.ms = 50
	request.timeout.ms = 305000
	retry.backoff.ms = 100
	sasl.kerberos.kinit.cmd = /usr/bin/kinit
	sasl.kerberos.min.time.before.relogin = 60000
	sasl.kerberos.service.name = null
	sasl.kerberos.ticket.renew.jitter = 0.05
	sasl.kerberos.ticket.renew.window.factor = 0.8
	sasl.mechanism = GSSAPI
	security.protocol = PLAINTEXT
	send.buffer.bytes = 131072
	session.timeout.ms = 10000
	ssl.cipher.suites = null
	ssl.enabled.protocols = [TLSv1.2, TLSv1.1, TLSv1]
	ssl.endpoint.identification.algorithm = null
	ssl.key.password = null
	ssl.keymanager.algorithm = SunX509
	ssl.keystore.location = null
	ssl.keystore.password = null
	ssl.keystore.type = JKS
	ssl.protocol = TLS
	ssl.provider = null
	ssl.secure.random.implementation = null
	ssl.trustmanager.algorithm = PKIX
	ssl.truststore.location = null
	ssl.truststore.password = null
	ssl.truststore.type = JKS
	value.deserializer = class org.springframework.kafka.support.serializer.JsonDeserializer

2017-10-30 10:49:59.494  INFO 7029 --- [main] o.a.kafka.common.utils.AppInfoParser     : Kafka version : 0.10.1.1
2017-10-30 10:49:59.494  INFO 7029 --- [main] o.a.kafka.common.utils.AppInfoParser     : Kafka commitId : f10ef2720b03b247
2017-10-30 10:49:59.501  INFO 7029 --- [main] o.s.c.n.eureka.InstanceInfoFactory       : Setting initial instance status as: STARTING
2017-10-30 10:49:59.706  INFO 7029 --- [main] c.n.d.provider.DiscoveryJerseyProvider   : Using JSON encoding codec LegacyJacksonJson
2017-10-30 10:49:59.707  INFO 7029 --- [main] c.n.d.provider.DiscoveryJerseyProvider   : Using JSON decoding codec LegacyJacksonJson
2017-10-30 10:49:59.773  INFO 7029 --- [main] c.n.d.provider.DiscoveryJerseyProvider   : Using XML encoding codec XStreamXml
2017-10-30 10:49:59.773  INFO 7029 --- [main] c.n.d.provider.DiscoveryJerseyProvider   : Using XML decoding codec XStreamXml
2017-10-30 10:49:59.899  INFO 7029 --- [main] c.n.d.s.r.aws.ConfigClusterResolver      : Resolving eureka endpoints via configuration
2017-10-30 10:49:59.913  INFO 7029 --- [main] com.netflix.discovery.DiscoveryClient    : Disable delta property : false
2017-10-30 10:49:59.913  INFO 7029 --- [main] com.netflix.discovery.DiscoveryClient    : Single vip registry refresh property : null
2017-10-30 10:49:59.913  INFO 7029 --- [main] com.netflix.discovery.DiscoveryClient    : Force full registry fetch : false
2017-10-30 10:49:59.913  INFO 7029 --- [main] com.netflix.discovery.DiscoveryClient    : Application is null : false
2017-10-30 10:49:59.913  INFO 7029 --- [main] com.netflix.discovery.DiscoveryClient    : Registered Applications size is zero : true
2017-10-30 10:49:59.913  INFO 7029 --- [main] com.netflix.discovery.DiscoveryClient    : Application version is -1: true
2017-10-30 10:49:59.913  INFO 7029 --- [main] com.netflix.discovery.DiscoveryClient    : Getting all instance registry info from the eureka server
2017-10-30 10:50:00.089  INFO 7029 --- [main] com.netflix.discovery.DiscoveryClient    : The response status is 200
2017-10-30 10:50:00.091  INFO 7029 --- [main] com.netflix.discovery.DiscoveryClient    : Starting heartbeat executor: renew interval is: 30
2017-10-30 10:50:00.093  INFO 7029 --- [main] c.n.discovery.InstanceInfoReplicator     : InstanceInfoReplicator onDemand update allowed rate per min is 4
2017-10-30 10:50:00.096  INFO 7029 --- [main] com.netflix.discovery.DiscoveryClient    : Discovery Client initialized at timestamp 1509340800096 with initial instances count: 5
2017-10-30 10:50:00.112  INFO 7029 --- [main] c.n.e.EurekaDiscoveryClientConfiguration : Registering application jenkinsManualService with eureka with status UP
2017-10-30 10:50:00.112  INFO 7029 --- [main] com.netflix.discovery.DiscoveryClient    : Saw local status change event StatusChangeEvent [timestamp=1509340800112, current=UP, previous=STARTING]
2017-10-30 10:50:00.113  INFO 7029 --- [DiscoveryClient-InstanceInfoReplicator-0] com.netflix.discovery.DiscoveryClient    : DiscoveryClient_JENKINSMANUALSERVICE/172.23.238.167:jenkinsManualService:9001: registering service...
2017-10-30 10:50:00.130 ERROR 7029 --- [main] o.a.coyote.http11.Http11NioProtocol      : Failed to start end point associated with ProtocolHandler [http-nio-9001]

java.net.BindException: Address already in use
	at sun.nio.ch.Net.bind0(Native Method) ~[na:1.8.0_131]
	at sun.nio.ch.Net.bind(Net.java:433) ~[na:1.8.0_131]
	at sun.nio.ch.Net.bind(Net.java:425) ~[na:1.8.0_131]
	at sun.nio.ch.ServerSocketChannelImpl.bind(ServerSocketChannelImpl.java:223) ~[na:1.8.0_131]
	at sun.nio.ch.ServerSocketAdaptor.bind(ServerSocketAdaptor.java:74) ~[na:1.8.0_131]
	at org.apache.tomcat.util.net.NioEndpoint.bind(NioEndpoint.java:210) ~[tomcat-embed-core-8.5.11.jar:8.5.11]
	at org.apache.tomcat.util.net.AbstractEndpoint.start(AbstractEndpoint.java:980) ~[tomcat-embed-core-8.5.11.jar:8.5.11]
	at org.apache.coyote.AbstractProtocol.start(AbstractProtocol.java:573) ~[tomcat-embed-core-8.5.11.jar:8.5.11]
	at org.apache.catalina.connector.Connector.startInternal(Connector.java:993) [tomcat-embed-core-8.5.11.jar:8.5.11]
	at org.apache.catalina.util.LifecycleBase.start(LifecycleBase.java:150) [tomcat-embed-core-8.5.11.jar:8.5.11]
	at org.apache.catalina.core.StandardService.addConnector(StandardService.java:225) [tomcat-embed-core-8.5.11.jar:8.5.11]
	at org.springframework.boot.context.embedded.tomcat.TomcatEmbeddedServletContainer.addPreviouslyRemovedConnectors(TomcatEmbeddedServletContainer.java:247) [spring-boot-1.5.2.RELEASE.jar:1.5.2.RELEASE]
	at org.springframework.boot.context.embedded.tomcat.TomcatEmbeddedServletContainer.start(TomcatEmbeddedServletContainer.java:190) [spring-boot-1.5.2.RELEASE.jar:1.5.2.RELEASE]
	at org.springframework.boot.context.embedded.EmbeddedWebApplicationContext.startEmbeddedServletContainer(EmbeddedWebApplicationContext.java:297) [spring-boot-1.5.2.RELEASE.jar:1.5.2.RELEASE]
	at org.springframework.boot.context.embedded.EmbeddedWebApplicationContext.finishRefresh(EmbeddedWebApplicationContext.java:145) [spring-boot-1.5.2.RELEASE.jar:1.5.2.RELEASE]
	at org.springframework.context.support.AbstractApplicationContext.refresh(AbstractApplicationContext.java:545) [spring-context-4.3.7.RELEASE.jar:4.3.7.RELEASE]
	at org.springframework.boot.context.embedded.EmbeddedWebApplicationContext.refresh(EmbeddedWebApplicationContext.java:122) [spring-boot-1.5.2.RELEASE.jar:1.5.2.RELEASE]
	at org.springframework.boot.SpringApplication.refresh(SpringApplication.java:737) [spring-boot-1.5.2.RELEASE.jar:1.5.2.RELEASE]
	at org.springframework.boot.SpringApplication.refreshContext(SpringApplication.java:370) [spring-boot-1.5.2.RELEASE.jar:1.5.2.RELEASE]
	at org.springframework.boot.SpringApplication.run(SpringApplication.java:314) [spring-boot-1.5.2.RELEASE.jar:1.5.2.RELEASE]
	at org.springframework.boot.SpringApplication.run(SpringApplication.java:1162) [spring-boot-1.5.2.RELEASE.jar:1.5.2.RELEASE]
	at org.springframework.boot.SpringApplication.run(SpringApplication.java:1151) [spring-boot-1.5.2.RELEASE.jar:1.5.2.RELEASE]
	at com.stackroute.application.Application.main(Application.java:15) [classes/:na]

2017-10-30 10:50:00.131 ERROR 7029 --- [main] o.apache.catalina.core.StandardService   : Failed to start connector [Connector[HTTP/1.1-9001]]

org.apache.catalina.LifecycleException: Failed to start component [Connector[HTTP/1.1-9001]]
	at org.apache.catalina.util.LifecycleBase.start(LifecycleBase.java:167) ~[tomcat-embed-core-8.5.11.jar:8.5.11]
	at org.apache.catalina.core.StandardService.addConnector(StandardService.java:225) ~[tomcat-embed-core-8.5.11.jar:8.5.11]
	at org.springframework.boot.context.embedded.tomcat.TomcatEmbeddedServletContainer.addPreviouslyRemovedConnectors(TomcatEmbeddedServletContainer.java:247) [spring-boot-1.5.2.RELEASE.jar:1.5.2.RELEASE]
	at org.springframework.boot.context.embedded.tomcat.TomcatEmbeddedServletContainer.start(TomcatEmbeddedServletContainer.java:190) [spring-boot-1.5.2.RELEASE.jar:1.5.2.RELEASE]
	at org.springframework.boot.context.embedded.EmbeddedWebApplicationContext.startEmbeddedServletContainer(EmbeddedWebApplicationContext.java:297) [spring-boot-1.5.2.RELEASE.jar:1.5.2.RELEASE]
	at org.springframework.boot.context.embedded.EmbeddedWebApplicationContext.finishRefresh(EmbeddedWebApplicationContext.java:145) [spring-boot-1.5.2.RELEASE.jar:1.5.2.RELEASE]
	at org.springframework.context.support.AbstractApplicationContext.refresh(AbstractApplicationContext.java:545) [spring-context-4.3.7.RELEASE.jar:4.3.7.RELEASE]
	at org.springframework.boot.context.embedded.EmbeddedWebApplicationContext.refresh(EmbeddedWebApplicationContext.java:122) [spring-boot-1.5.2.RELEASE.jar:1.5.2.RELEASE]
	at org.springframework.boot.SpringApplication.refresh(SpringApplication.java:737) [spring-boot-1.5.2.RELEASE.jar:1.5.2.RELEASE]
	at org.springframework.boot.SpringApplication.refreshContext(SpringApplication.java:370) [spring-boot-1.5.2.RELEASE.jar:1.5.2.RELEASE]
	at org.springframework.boot.SpringApplication.run(SpringApplication.java:314) [spring-boot-1.5.2.RELEASE.jar:1.5.2.RELEASE]
	at org.springframework.boot.SpringApplication.run(SpringApplication.java:1162) [spring-boot-1.5.2.RELEASE.jar:1.5.2.RELEASE]
	at org.springframework.boot.SpringApplication.run(SpringApplication.java:1151) [spring-boot-1.5.2.RELEASE.jar:1.5.2.RELEASE]
	at com.stackroute.application.Application.main(Application.java:15) [classes/:na]
Caused by: org.apache.catalina.LifecycleException: service.getName(): "Tomcat";  Protocol handler start failed
	at org.apache.catalina.connector.Connector.startInternal(Connector.java:1000) ~[tomcat-embed-core-8.5.11.jar:8.5.11]
	at org.apache.catalina.util.LifecycleBase.start(LifecycleBase.java:150) ~[tomcat-embed-core-8.5.11.jar:8.5.11]
	... 13 common frames omitted
Caused by: java.net.BindException: Address already in use
	at sun.nio.ch.Net.bind0(Native Method) ~[na:1.8.0_131]
	at sun.nio.ch.Net.bind(Net.java:433) ~[na:1.8.0_131]
	at sun.nio.ch.Net.bind(Net.java:425) ~[na:1.8.0_131]
	at sun.nio.ch.ServerSocketChannelImpl.bind(ServerSocketChannelImpl.java:223) ~[na:1.8.0_131]
	at sun.nio.ch.ServerSocketAdaptor.bind(ServerSocketAdaptor.java:74) ~[na:1.8.0_131]
	at org.apache.tomcat.util.net.NioEndpoint.bind(NioEndpoint.java:210) ~[tomcat-embed-core-8.5.11.jar:8.5.11]
	at org.apache.tomcat.util.net.AbstractEndpoint.start(AbstractEndpoint.java:980) ~[tomcat-embed-core-8.5.11.jar:8.5.11]
	at org.apache.coyote.AbstractProtocol.start(AbstractProtocol.java:573) ~[tomcat-embed-core-8.5.11.jar:8.5.11]
	at org.apache.catalina.connector.Connector.startInternal(Connector.java:993) ~[tomcat-embed-core-8.5.11.jar:8.5.11]
	... 14 common frames omitted

2017-10-30 10:50:00.136  INFO 7029 --- [main] o.apache.catalina.core.StandardService   : Stopping service Tomcat
2017-10-30 10:50:00.142  INFO 7029 --- [main] utoConfigurationReportLoggingInitializer : 

Error starting ApplicationContext. To display the auto-configuration report re-run your application with 'debug' enabled.
2017-10-30 10:50:00.146 ERROR 7029 --- [main] o.s.b.d.LoggingFailureAnalysisReporter   : 

***************************
APPLICATION FAILED TO START
***************************

Description:

The Tomcat connector configured to listen on port 9001 failed to start. The port may already be in use or the connector may be misconfigured.

Action:

Verify the connector's configuration, identify and stop any process that's listening on port 9001, or configure this application to listen on another port.

2017-10-30 10:50:00.147  INFO 7029 --- [main] ationConfigEmbeddedWebApplicationContext : Closing org.springframework.boot.context.embedded.AnnotationConfigEmbeddedWebApplicationContext@561868a0: startup date [Mon Oct 30 10:49:57 IST 2017]; parent: org.springframework.context.annotation.AnnotationConfigApplicationContext@6d763516
2017-10-30 10:50:00.147  INFO 7029 --- [main] c.n.e.EurekaDiscoveryClientConfiguration : Unregistering application jenkinsManualService with eureka with status DOWN
2017-10-30 10:50:00.147  WARN 7029 --- [main] com.netflix.discovery.DiscoveryClient    : Saw local status change event StatusChangeEvent [timestamp=1509340800147, current=DOWN, previous=UP]
2017-10-30 10:50:00.148  INFO 7029 --- [main] com.netflix.discovery.DiscoveryClient    : Shutting down DiscoveryClient ...
2017-10-30 10:50:00.148  INFO 7029 --- [main] com.netflix.discovery.DiscoveryClient    : Unregistering ...
2017-10-30 10:50:00.159  INFO 7029 --- [DiscoveryClient-InstanceInfoReplicator-0] com.netflix.discovery.DiscoveryClient    : DiscoveryClient_JENKINSMANUALSERVICE/172.23.238.167:jenkinsManualService:9001 - registration status: 204
2017-10-30 10:50:00.330  INFO 7029 --- [main] com.netflix.discovery.DiscoveryClient    : DiscoveryClient_JENKINSMANUALSERVICE/172.23.238.167:jenkinsManualService:9001 - deregister  status: 200
2017-10-30 10:50:00.352  INFO 7029 --- [main] com.netflix.discovery.DiscoveryClient    : Completed shut down of DiscoveryClient
2017-10-30 10:50:00.355  INFO 7029 --- [main] o.s.c.support.DefaultLifecycleProcessor  : Stopping beans in phase 0
2017-10-30 10:50:00.360  INFO 7029 --- [org.springframework.kafka.KafkaListenerEndpointContainer#0-0-kafka-consumer-1] essageListenerContainer$ListenerConsumer : Consumer stopped
2017-10-30 10:50:00.365  INFO 7029 --- [main] o.s.j.e.a.AnnotationMBeanExporter        : Unregistering JMX-exposed beans on shutdown
2017-10-30 10:50:00.365  INFO 7029 --- [main] o.s.j.e.a.AnnotationMBeanExporter        : Unregistering JMX-exposed beans
